\BOOKMARK [0][-]{Doc-Start}{\376\377\000A\000B\000S\000T\000R\000A\000C\000T}{}% 1
\BOOKMARK [0][-]{Doc-Start}{\376\377\016\032\016\027\016\004\016\061\016\024\016\042\016\110\016\055}{}% 2
\BOOKMARK [0][-]{Doc-Start}{\376\377\016\001\016\064\016\025\016\025\016\064\016\001\016\043\016\043\016\041\016\033\016\043\016\060\016\001\016\062\016\050}{}% 3
\BOOKMARK [0][-]{Doc-Start}{\376\377\016\052\016\062\016\043\016\032\016\061\016\015}{}% 4
\BOOKMARK [0][-]{Doc-Start}{\376\377\016\052\016\062\016\043\016\032\016\061\016\015\016\025\016\062\016\043\016\062\016\007}{}% 5
\BOOKMARK [0][-]{Doc-Start}{\376\377\016\052\016\062\016\043\016\032\016\061\016\015\016\043\016\071\016\033\016\040\016\062\016\036}{}% 6
\BOOKMARK [0][-]{chapter.1}{\376\377\016\032\016\027\016\027\016\065\016\110\000\040\016\032\016\027\016\031\016\063}{}% 7
\BOOKMARK [1][-]{section.1.1}{\376\377\016\004\016\063\016\052\016\063\016\004\016\061\016\015}{chapter.1}% 8
\BOOKMARK [1][-]{section.1.2}{\376\377\016\027\016\065\016\110\016\041\016\062\016\101\016\045\016\060\016\004\016\047\016\062\016\041\016\052\016\063\016\004\016\061\016\015}{chapter.1}% 9
\BOOKMARK [1][-]{section.1.3}{\376\377\016\033\016\043\016\060\016\100\016\040\016\027\016\002\016\055\016\007\016\102\016\004\016\043\016\007\016\007\016\062\016\031}{chapter.1}% 10
\BOOKMARK [1][-]{section.1.4}{\376\377\016\047\016\061\016\025\016\026\016\070\016\033\016\043\016\060\016\052\016\007\016\004\016\114}{chapter.1}% 11
\BOOKMARK [1][-]{section.1.5}{\376\377\016\025\016\062\016\043\016\062\016\007\016\001\016\062\016\043\016\024\016\063\016\100\016\031\016\064\016\031\016\007\016\062\016\031}{chapter.1}% 12
\BOOKMARK [1][-]{section.1.6}{\376\377\016\002\016\055\016\032\016\100\016\002\016\025\016\002\016\055\016\007\016\102\016\004\016\043\016\007\016\007\016\062\016\031}{chapter.1}% 13
\BOOKMARK [1][-]{section.1.7}{\376\377\016\033\016\043\016\060\016\102\016\042\016\012\016\031\016\114\016\027\016\065\016\110\016\004\016\062\016\024\016\047\016\110\016\062\016\010\016\060\016\104\016\024\016\111\016\110\016\043\016\061\016\032}{chapter.1}% 14
\BOOKMARK [0][-]{chapter.2}{\376\377\016\032\016\027\016\027\016\065\016\110\000\040\016\027\016\044\016\051\016\016\016\065\016\004\016\047\016\062\016\041\016\043\016\071\016\111\016\101\016\045\016\060\016\007\016\062\016\031\016\027\016\065\016\110\016\100\016\001\016\065\016\110\016\042\016\047\016\002\016\111\016\055\016\007}{}% 15
\BOOKMARK [1][-]{section.2.1}{\376\377\016\027\016\044\016\051\016\017\016\065\016\101\016\045\016\060\016\004\016\047\016\062\016\041\016\043\016\071\016\111\016\027\016\065\016\110\016\100\016\001\016\065\016\110\016\042\016\047\016\002\016\111\016\055\016\007}{chapter.2}% 16
\BOOKMARK [2][-]{subsection.2.1.1}{\376\377\016\001\016\062\016\043\016\100\016\043\016\065\016\042\016\031\016\043\016\071\016\111\016\002\016\055\016\007\016\100\016\004\016\043\016\067\016\110\016\055\016\007}{section.2.1}% 17
\BOOKMARK [3][-]{subsubsection.2.1.1.1}{\376\377\000C\000o\000n\000t\000e\000n\000t\000-\000B\000a\000s\000e\000d\000\040\000F\000i\000l\000t\000e\000r\000i\000n\000g}{subsection.2.1.1}% 18
\BOOKMARK [3][-]{subsubsection.2.1.1.2}{\376\377\000C\000o\000l\000l\000a\000b\000o\000r\000a\000t\000i\000v\000e\000\040\000F\000i\000l\000t\000e\000r\000i\000n\000g}{subsection.2.1.1}% 19
\BOOKMARK [3][-]{subsubsection.2.1.1.3}{\376\377\016\001\016\062\016\043\016\033\016\043\016\060\016\041\016\047\016\045\016\034\016\045\016\040\016\062\016\051\016\062\016\030\016\043\016\043\016\041\016\012\016\062\016\025\016\064}{subsection.2.1.1}% 20
\BOOKMARK [3][-]{subsubsection.2.1.1.4}{\376\377\000W\000o\000r\000d\000\040\000E\000m\000b\000e\000d\000d\000i\000n\000g}{subsection.2.1.1}% 21
\BOOKMARK [3][-]{subsubsection.2.1.1.5}{\376\377\000T\000r\000a\000n\000s\000f\000o\000r\000m\000e\000r\000\040\000M\000o\000d\000e\000l}{subsection.2.1.1}% 22
\BOOKMARK [3][-]{subsubsection.2.1.1.6}{\376\377\016\102\016\004\016\043\016\007\016\002\016\110\016\062\016\042\016\033\016\043\016\060\016\052\016\062\016\027\016\100\016\027\016\065\016\042\016\041}{subsection.2.1.1}% 23
\BOOKMARK [2][-]{subsection.2.1.2}{\376\377\000\040\016\052\016\026\016\062\016\033\016\061\016\025\016\042\016\001\016\043\016\043\016\041\016\002\016\055\016\007\016\101\016\055\016\033\016\036\016\045\016\064\016\100\016\004\016\012\016\061\016\031\016\103\016\031\016\102\016\027\016\043\016\050\016\061\016\036\016\027\016\114\000\040\000M\000o\000b\000i\000l\000e\000A\000p\000p\000A\000r\000c\000h\000i\000t\000e\000c\000t\000u\000r\000e}{section.2.1}% 24
\BOOKMARK [2][-]{subsection.2.1.3}{\376\377\000H\000T\000T\000P\000\040\000P\000r\000o\000t\000o\000c\000o\000l}{section.2.1}% 25
\BOOKMARK [3][-]{subsubsection.2.1.3.1}{\376\377\000H\000T\000T\000P\000\040\000P\000r\000o\000t\000o\000c\000o\000l\000\040\016\004\016\067\016\055\016\055\016\060\016\104\016\043}{subsection.2.1.3}% 26
\BOOKMARK [3][-]{subsubsection.2.1.3.2}{\376\377\000H\000T\000T\000P\000\040\000R\000e\000q\000u\000e\000s\000t\000-\000R\000e\000s\000p\000o\000n\000s\000e\000\040\000C\000y\000c\000l\000e}{subsection.2.1.3}% 27
\BOOKMARK [3][-]{subsubsection.2.1.3.3}{\376\377\000H\000T\000T\000P\000\040\000R\000e\000q\000u\000e\000s\000t\000\040\000M\000e\000t\000h\000o\000d\000s}{subsection.2.1.3}% 28
\BOOKMARK [2][-]{subsection.2.1.4}{\376\377\000R\000E\000S\000T\000\040\000A\000P\000I}{section.2.1}% 29
\BOOKMARK [3][-]{subsubsection.2.1.4.1}{\376\377\000R\000E\000S\000T\000\040\016\004\016\067\016\055\016\055\016\060\016\104\016\043}{subsection.2.1.4}% 30
\BOOKMARK [3][-]{subsubsection.2.1.4.2}{\376\377\016\001\016\062\016\043\016\055\016\055\016\001\016\101\016\032\016\032\000\040\000R\000E\000S\000T\000\040\000A\000P\000I\000\040\000R\000e\000s\000t\000A\000P\000I\000D\000e\000s\000i\000g\000n}{subsection.2.1.4}% 31
\BOOKMARK [2][-]{subsection.2.1.5}{\376\377\000G\000r\000a\000p\000h\000\040\000D\000a\000t\000a\000b\000a\000s\000e}{section.2.1}% 32
\BOOKMARK [3][-]{subsubsection.2.1.5.1}{\376\377\000G\000r\000a\000p\000h\000\040\000D\000a\000t\000a\000b\000a\000s\000e\000\040\016\004\016\067\016\055\016\055\016\060\016\104\016\043}{subsection.2.1.5}% 33
\BOOKMARK [3][-]{subsubsection.2.1.5.2}{\376\377\016\027\016\063\016\104\016\041\016\025\016\111\016\055\016\007\016\100\016\033\016\107\016\031\000\040\000G\000r\000a\000p\000h\000\040\000D\000a\000t\000a\000b\000a\000s\000e}{subsection.2.1.5}% 34
\BOOKMARK [3][-]{subsubsection.2.1.5.3}{\376\377\000P\000r\000o\000p\000e\000r\000t\000y\000\040\016\002\016\055\016\007\000\040\000G\000r\000a\000p\000h\000\040\000M\000o\000d\000e\000l\000\040\000G\000r\000a\000p\000h\000D\000a\000t\000a\000b\000a\000s\000e\000P\000r\000o\000p\000e\000r\000t\000y}{subsection.2.1.5}% 35
\BOOKMARK [3][-]{subsubsection.2.1.5.4}{\376\377\000G\000r\000a\000p\000h\000\040\000D\000a\000t\000a\000b\000a\000s\000e\000\040\000v\000s\000\040\000R\000e\000l\000a\000t\000i\000o\000n\000a\000l\000\040\000D\000a\000t\000a\000b\000a\000s\000e\000\040\000D\000a\000t\000a\000b\000a\000s\000e\000C\000o\000m\000p\000a\000r\000e}{subsection.2.1.5}% 36
\BOOKMARK [2][-]{subsection.2.1.6}{\376\377\016\101\016\034\016\031\016\040\016\062\016\036\000\040\000U\000M\000L}{section.2.1}% 37
\BOOKMARK [3][-]{subsubsection.2.1.6.1}{\376\377\000U\000M\000L\000\040\000D\000i\000a\000g\000r\000a\000m\000\040\016\004\016\067\016\055\016\055\016\060\016\104\016\043}{subsection.2.1.6}% 38
\BOOKMARK [3][-]{subsubsection.2.1.6.2}{\376\377\000U\000s\000e\000\040\000c\000a\000s\000e\000\040\000D\000i\000a\000g\000r\000a\000m}{subsection.2.1.6}% 39
\BOOKMARK [3][-]{subsubsection.2.1.6.3}{\376\377\000S\000e\000q\000u\000e\000n\000c\000e\000\040\000D\000i\000a\000g\000r\000a\000m}{subsection.2.1.6}% 40
\BOOKMARK [2][-]{subsection.2.1.7}{\376\377\000P\000r\000i\000n\000c\000i\000p\000l\000e\000\040\000D\000e\000s\000i\000g\000n}{section.2.1}% 41
\BOOKMARK [3][-]{subsubsection.2.1.7.1}{\376\377\000P\000r\000i\000n\000c\000i\000p\000l\000e\000\040\000D\000e\000s\000i\000g\000n\000\040\016\004\016\067\016\055\016\055\016\060\016\104\016\043}{subsection.2.1.7}% 42
\BOOKMARK [3][-]{subsubsection.2.1.7.2}{\376\377\000C\000.\000R\000.\000A\000.\000P\000.\000\040\000P\000r\000i\000n\000c\000i\000p\000l\000e\000\040\000D\000e\000s\000i\000g\000n}{subsection.2.1.7}% 43
\BOOKMARK [1][-]{section.2.2}{\376\377\016\100\016\027\016\004\016\102\016\031\016\102\016\045\016\042\016\065}{chapter.2}% 44
\BOOKMARK [2][-]{subsection.2.2.1}{\376\377\000I\000n\000t\000e\000g\000r\000a\000t\000e\000d\000\040\000D\000e\000v\000e\000l\000o\000p\000m\000e\000n\000t\000\040\000E\000n\000v\000i\000r\000o\000n\000m\000e\000n\000t\000\040\000\050\000I\000D\000E\000\051}{section.2.2}% 45
\BOOKMARK [2][-]{subsection.2.2.2}{\376\377\000D\000e\000s\000i\000g\000n}{section.2.2}% 46
\BOOKMARK [2][-]{subsection.2.2.3}{\376\377\000F\000r\000o\000n\000t\000e\000n\000d}{section.2.2}% 47
\BOOKMARK [2][-]{subsection.2.2.4}{\376\377\000B\000a\000c\000k\000e\000n\000d}{section.2.2}% 48
\BOOKMARK [2][-]{subsection.2.2.5}{\376\377\000D\000a\000t\000a\000b\000a\000s\000e}{section.2.2}% 49
\BOOKMARK [2][-]{subsection.2.2.6}{\376\377\000M\000a\000c\000h\000i\000n\000e\000\040\000L\000e\000a\000r\000n\000i\000n\000g}{section.2.2}% 50
\BOOKMARK [2][-]{subsection.2.2.7}{\376\377\000V\000e\000r\000s\000i\000o\000n\000\040\000C\000o\000n\000t\000r\000o\000l}{section.2.2}% 51
\BOOKMARK [2][-]{subsection.2.2.8}{\376\377\000T\000e\000s\000t\000i\000n\000g}{section.2.2}% 52
\BOOKMARK [1][-]{section.2.3}{\376\377\016\101\016\032\016\032\016\052\016\063\016\043\016\047\016\010\016\034\016\045\016\064\016\025\016\040\016\061\016\023\016\021\016\114}{chapter.2}% 53
\BOOKMARK [0][-]{chapter.3}{\376\377\016\032\016\027\016\027\016\065\016\110\000\040\016\047\016\064\016\030\016\065\016\001\016\062\016\043\016\027\016\063\016\007\016\062\016\031\000\040\016\001\016\043\016\060\016\032\016\047\016\031\016\001\016\062\016\043\016\101\016\045\016\060\016\001\016\062\016\043\016\055\016\055\016\001\016\101\016\032\016\032}{}% 54
\BOOKMARK [1][-]{section.3.1}{\376\377\016\032\016\027\016\031\016\063}{chapter.3}% 55
\BOOKMARK [2][-]{subsection.3.1.1}{\376\377\016\052\016\063\016\043\016\047\016\010\016\004\016\047\016\062\016\041\016\025\016\111\016\055\016\007\016\001\016\062\016\043\016\002\016\055\016\007\016\034\016\071\016\111\016\103\016\012\016\111\016\100\016\012\016\064\016\007\016\004\016\070\016\023\016\040\016\062\016\036}{section.3.1}% 56
\BOOKMARK [2][-]{subsection.3.1.2}{\376\377\016\100\016\052\016\111\016\031\016\027\016\062\016\007\016\002\016\055\016\007\016\034\016\071\016\111\016\103\016\012\016\111\000\040\000\050\000J\000o\000u\000r\000n\000e\000y\000\040\000M\000a\000p\000\051}{section.3.1}% 57
\BOOKMARK [2][-]{subsection.3.1.3}{\376\377\016\034\016\071\016\111\016\104\016\024\016\111\016\043\016\061\016\032\016\034\016\045\016\033\016\043\016\060\016\102\016\042\016\012\016\031\016\114\000\040\000\050\000S\000t\000a\000k\000e\000h\000o\000l\000d\000e\000r\000\051}{section.3.1}% 58
\BOOKMARK [1][-]{section.3.2}{\376\377\016\004\016\047\016\062\016\041\016\025\016\111\016\055\016\007\016\001\016\062\016\043\016\002\016\055\016\007\016\034\016\071\016\111\016\103\016\012\016\111\000\040\000\050\000R\000e\000q\000u\000i\000r\000e\000m\000e\000n\000t\000\040\000L\000i\000s\000t\000\051}{chapter.3}% 59
\BOOKMARK [1][-]{section.3.3}{\376\377\016\043\016\062\016\042\016\001\016\062\016\043\016\004\016\070\016\023\016\045\016\061\016\001\016\051\016\023\016\060\000\040\000\050\000F\000e\000a\000t\000u\000r\000e\000\040\000L\000i\000s\000t\000\051}{chapter.3}% 60
\BOOKMARK [1][-]{section.3.4}{\376\377\016\101\016\034\016\031\016\040\016\062\016\036\016\052\016\026\016\062\016\033\016\061\016\025\016\042\016\001\016\043\016\043\016\041\016\002\016\055\016\007\016\043\016\060\016\032\016\032\000\040\000\050\000S\000y\000s\000t\000e\000m\000\040\000A\000r\000c\000h\000i\000t\000e\000c\000t\000u\000r\000e\000\040\000D\000i\000a\000g\000r\000a\000m\000\051}{chapter.3}% 61
\BOOKMARK [1][-]{section.3.5}{\376\377\016\001\016\062\016\043\016\101\016\032\016\110\016\007\016\033\016\043\016\060\016\100\016\040\016\027\016\002\016\055\016\007\016\001\016\064\016\010\016\001\016\043\016\043\016\041\016\101\016\045\016\060\016\012\016\041\016\043\016\041}{chapter.3}% 62
\BOOKMARK [1][-]{section.3.6}{\376\377\016\053\016\045\016\061\016\001\016\001\016\062\016\043\016\036\016\064\016\010\016\062\016\043\016\023\016\062\016\052\016\064\016\110\016\007\016\027\016\065\016\110\016\010\016\060\016\101\016\031\016\060\016\031\016\063\016\103\016\053\016\111\016\034\016\071\016\111\016\103\016\012\016\111}{chapter.3}% 63
\BOOKMARK [2][-]{subsubsection.3.6.0.1}{\376\377\000C\000o\000n\000t\000e\000n\000t\000-\000B\000a\000s\000e\000d\000\040\000F\000i\000l\000t\000e\000r\000i\000n\000g}{section.3.6}% 64
\BOOKMARK [3][-]{subsubsection.3.6.0.2}{\376\377\000C\000o\000l\000l\000a\000b\000o\000r\000a\000t\000i\000v\000e\000\040\000F\000i\000l\000t\000e\000r\000i\000n\000g}{subsubsection.3.6.0.1}% 65
\BOOKMARK [1][-]{section.3.7}{\376\377\016\100\016\100\016\034\016\031\016\040\016\062\016\036\016\027\016\065\016\110\016\103\016\012\016\111\016\100\016\100\016\052\016\024\016\007\016\033\016\016\016\064\016\052\016\061\016\041\016\036\016\061\016\031\016\030\016\114\016\043\016\060\016\053\016\047\016\110\016\062\016\007\016\043\016\060\016\032\016\032\016\007\016\062\016\031\016\100\016\100\016\045\016\060\016\052\016\064\016\110\016\007\016\027\016\065\016\110\016\055\016\042\016\071\016\110\016\031\016\055\016\001\016\043\016\060\016\032\016\032\016\007\016\062\016\031\000\040\000\050\000U\000s\000e\000\040\000C\000a\000s\000e\000\040\000D\000i\000a\000g\000r\000a\000m\000\051}{chapter.3}% 66
\BOOKMARK [1][-]{section.3.8}{\376\377\000S\000e\000q\000u\000e\000n\000c\000e\000\040\000d\000i\000a\000g\000r\000a\000m}{chapter.3}% 67
\BOOKMARK [2][-]{subsection.3.8.1}{\376\377\016\001\016\062\016\043\016\100\016\002\016\111\016\062\016\052\016\071\016\110\016\043\016\060\016\032\016\032}{section.3.8}% 68
\BOOKMARK [2][-]{subsection.3.8.2}{\376\377\016\001\016\062\016\043\016\052\016\041\016\061\016\004\016\043\016\100\016\002\016\111\016\062\016\103\016\012\016\111\016\007\016\062\016\031}{section.3.8}% 69
\BOOKMARK [2][-]{subsection.3.8.3}{\376\377\016\001\016\062\016\043\016\055\016\055\016\001\016\010\016\062\016\001\016\043\016\060\016\032\016\032}{section.3.8}% 70
\BOOKMARK [2][-]{subsection.3.8.4}{\376\377\016\001\016\062\016\043\016\004\016\111\016\031\016\053\016\062\016\001\016\064\016\010\016\001\016\043\016\043\016\041}{section.3.8}% 71
\BOOKMARK [2][-]{subsection.3.8.5}{\376\377\016\001\016\062\016\043\016\055\016\110\016\062\016\031\016\043\016\062\016\042\016\045\016\060\016\100\016\055\016\065\016\042\016\024\016\002\016\055\016\007\016\001\016\064\016\010\016\001\016\043\016\043\016\041\016\101\016\045\016\060\016\100\016\002\016\111\016\062\016\043\016\110\016\047\016\041\016\001\016\064\016\010\016\001\016\043\016\043\016\041}{section.3.8}% 72
\BOOKMARK [2][-]{subsection.3.8.6}{\376\377\016\001\016\062\016\043\016\033\016\043\016\060\016\100\016\041\016\064\016\031\016\001\016\064\016\010\016\001\016\043\016\043\016\041}{section.3.8}% 73
\BOOKMARK [2][-]{subsection.3.8.7}{\376\377\016\001\016\062\016\043\016\101\016\010\016\111\016\007\016\100\016\025\016\067\016\055\016\031\016\001\016\064\016\010\016\001\016\043\016\043\016\041\016\012\016\041\016\043\016\041}{section.3.8}% 74
\BOOKMARK [2][-]{subsection.3.8.8}{\376\377\016\001\016\062\016\043\016\004\016\111\016\031\016\053\016\062\016\012\016\041\016\043\016\041}{section.3.8}% 75
\BOOKMARK [2][-]{subsection.3.8.9}{\376\377\016\055\016\110\016\062\016\031\016\043\016\062\016\042\016\045\016\060\016\100\016\055\016\065\016\042\016\024\016\002\016\055\016\007\016\012\016\041\016\043\016\041\016\101\016\045\016\060\016\001\016\062\016\043\016\100\016\002\016\111\016\062\016\043\016\110\016\047\016\041\016\012\016\041\016\043\016\041}{section.3.8}% 76
\BOOKMARK [2][-]{subsection.3.8.10}{\376\377\016\001\016\062\016\043\016\045\016\062\016\055\016\055\016\001\016\010\016\062\016\001\016\012\016\041\016\043\016\041}{section.3.8}% 77
\BOOKMARK [2][-]{subsection.3.8.11}{\376\377\016\001\016\062\016\043\016\101\016\031\016\060\016\031\016\063\016\001\016\064\016\010\016\001\016\043\016\043\016\041\016\103\016\053\016\111\016\034\016\071\016\111\016\103\016\012\016\111}{section.3.8}% 78
\BOOKMARK [2][-]{subsection.3.8.12}{\376\377\016\001\016\062\016\043\000\040\000T\000r\000a\000i\000n\000\040\000M\000o\000d\000e\000l\000\040\016\001\016\062\016\043\016\100\016\043\016\065\016\042\016\031\016\043\016\071\016\111\016\002\016\055\016\007\016\100\016\004\016\043\016\067\016\110\016\055\016\007}{section.3.8}% 79
\BOOKMARK [1][-]{section.3.9}{\376\377\016\101\016\032\016\032\016\010\016\063\016\045\016\055\016\007\016\002\016\111\016\055\016\041\016\071\016\045\016\101\016\032\016\032\016\001\016\043\016\062\016\037\000\040\000\050\000G\000r\000a\000p\000h\000\040\000D\000a\000t\000a\000\040\000M\000o\000d\000e\000l\000\051}{chapter.3}% 80
\BOOKMARK [2][-]{subsection.3.9.1}{\376\377\016\102\016\053\016\031\016\024}{section.3.9}% 81
\BOOKMARK [3][-]{subsubsection.3.9.1.1}{\376\377\016\102\016\053\016\031\016\024\000\040\000U\000s\000e\000r\000:\000\040\016\100\016\033\016\107\016\031\016\102\016\053\016\031\016\024\016\027\016\065\016\110\016\010\016\060\016\100\016\001\016\107\016\032\016\002\016\111\016\055\016\041\016\071\016\045\016\100\016\001\016\065\016\110\016\042\016\047\016\001\016\061\016\032\016\043\016\062\016\042\016\045\016\060\016\100\016\055\016\065\016\042\016\024\016\052\016\110\016\047\016\031\016\025\016\061\016\047\016\002\016\055\016\007\016\034\016\071\016\111\016\103\016\012\016\111\016\040\016\062\016\042\016\103\016\031\016\041\016\053\016\062\016\047\016\064\016\027\016\042\016\062\016\045\016\061\016\042}{subsection.3.9.1}% 82
\BOOKMARK [3][-]{subsubsection.3.9.1.2}{\376\377\016\102\016\053\016\031\016\024\000\040\000D\000e\000p\000a\000r\000t\000m\000e\000n\000t\000:\000\040\016\100\016\033\016\107\016\031\016\102\016\053\016\031\016\024\016\027\016\065\016\110\016\010\016\060\016\100\016\001\016\107\016\032\016\002\016\111\016\055\016\041\016\071\016\045\016\100\016\001\016\065\016\110\016\042\016\047\016\001\016\061\016\032\016\043\016\062\016\042\016\045\016\060\016\100\016\055\016\065\016\042\016\024\016\002\016\055\016\007\016\040\016\062\016\004\016\047\016\064\016\012\016\062\016\040\016\062\016\042\016\103\016\031\016\041\016\053\016\062\016\047\016\064\016\027\016\042\016\062\016\045\016\061\016\042}{subsection.3.9.1}% 83
\BOOKMARK [3][-]{subsubsection.3.9.1.3}{\376\377\016\102\016\053\016\031\016\024\000\040\000C\000l\000u\000b\000:\000\040\016\100\016\033\016\107\016\031\016\102\016\053\016\031\016\024\016\027\016\065\016\110\016\010\016\060\016\100\016\001\016\107\016\032\016\002\016\111\016\055\016\041\016\071\016\045\016\100\016\001\016\065\016\110\016\042\016\047\016\001\016\061\016\032\016\043\016\062\016\042\016\045\016\060\016\100\016\055\016\065\016\042\016\024\016\002\016\055\016\007\016\012\016\041\016\043\016\041\016\040\016\062\016\042\016\103\016\031\016\041\016\053\016\062\016\047\016\064\016\027\016\042\016\062\016\045\016\061\016\042}{subsection.3.9.1}% 84
\BOOKMARK [3][-]{subsubsection.3.9.1.4}{\376\377\016\102\016\053\016\031\016\024\000\040\000C\000l\000u\000b\000\040\000C\000a\000t\000e\000g\000o\000r\000y\000:\000\040\016\100\016\033\016\107\016\031\016\102\016\053\016\031\016\024\016\027\016\065\016\110\016\010\016\060\016\100\016\001\016\107\016\032\016\002\016\111\016\055\016\041\016\071\016\045\016\100\016\001\016\065\016\110\016\042\016\047\016\001\016\061\016\032\016\043\016\062\016\042\016\045\016\060\016\100\016\055\016\065\016\042\016\024\016\033\016\043\016\060\016\100\016\040\016\027\016\012\016\041\016\043\016\041\016\040\016\062\016\042\016\103\016\031\016\041\016\053\016\062\016\047\016\064\016\027\016\042\016\062\016\045\016\061\016\042}{subsection.3.9.1}% 85
\BOOKMARK [3][-]{subsubsection.3.9.1.5}{\376\377\016\102\016\053\016\031\016\024\000\040\000A\000c\000t\000i\000v\000i\000t\000y\000:\000\040\016\100\016\033\016\107\016\031\016\102\016\053\016\031\016\024\016\027\016\065\016\110\016\010\016\060\016\100\016\001\016\107\016\032\016\002\016\111\016\055\016\041\016\071\016\045\016\100\016\001\016\065\016\110\016\042\016\047\016\001\016\061\016\032\016\043\016\062\016\042\016\045\016\060\016\100\016\055\016\065\016\042\016\024\016\002\016\055\016\007\016\001\016\064\016\010\016\001\016\043\016\043\016\041\016\040\016\062\016\042\016\103\016\031\016\041\016\053\016\062\016\047\016\064\016\027\016\042\016\062\016\045\016\061\016\042}{subsection.3.9.1}% 86
\BOOKMARK [3][-]{subsubsection.3.9.1.6}{\376\377\016\102\016\053\016\031\016\024\000\040\000A\000c\000t\000i\000v\000i\000t\000y\000\040\000C\000a\000t\000e\000g\000o\000r\000y\000:\000\040\016\100\016\033\016\107\016\031\016\102\016\053\016\031\016\024\016\027\016\065\016\110\016\010\016\060\016\100\016\001\016\107\016\032\016\002\016\111\016\055\016\041\016\071\016\045\016\100\016\001\016\065\016\110\016\042\016\047\016\001\016\061\016\032\016\033\016\043\016\060\016\100\016\040\016\027\016\002\016\055\016\007\016\001\016\064\016\010\016\001\016\043\016\043\016\041\016\040\016\062\016\042\016\103\016\031\016\041\016\053\016\062\016\047\016\064\016\027\016\042\016\062\016\045\016\061\016\042}{subsection.3.9.1}% 87
\BOOKMARK [2][-]{subsection.3.9.2}{\376\377\016\004\016\047\016\062\016\041\016\052\016\061\016\041\016\036\016\061\016\031\016\030\016\114}{section.3.9}% 88
\BOOKMARK [3][-]{subsubsection.3.9.2.1}{\376\377\016\004\016\047\016\062\016\041\016\052\016\061\016\041\016\036\016\061\016\031\016\030\016\114\016\027\016\065\016\110\016\041\016\065\016\004\016\070\016\023\016\052\016\041\016\032\016\061\016\025\016\064}{subsection.3.9.2}% 89
\BOOKMARK [3][-]{subsubsection.3.9.2.2}{\376\377\016\004\016\047\016\062\016\041\016\052\016\061\016\041\016\036\016\061\016\031\016\030\016\114\016\027\016\065\016\110\016\104\016\041\016\110\016\041\016\065\016\004\016\070\016\023\016\052\016\041\016\032\016\061\016\025\016\064}{subsection.3.9.2}% 90
\BOOKMARK [1][-]{section.3.10}{\376\377\016\001\016\062\016\043\016\101\016\032\016\110\016\007\016\033\016\043\016\060\016\100\016\040\016\027\016\002\016\055\016\007\016\001\016\064\016\010\016\001\016\043\016\043\016\041\016\101\016\045\016\060\016\012\016\041\016\043\016\041}{chapter.3}% 91
\BOOKMARK [1][-]{section.3.11}{\376\377\016\053\016\045\016\061\016\001\016\001\016\062\016\043\016\036\016\064\016\010\016\062\016\043\016\023\016\062\016\052\016\064\016\110\016\007\016\027\016\065\016\110\016\010\016\060\016\101\016\031\016\060\016\031\016\063\016\103\016\053\016\111\016\034\016\071\016\111\016\103\016\012\016\111\016\007\016\062\016\031}{chapter.3}% 92
\BOOKMARK [2][-]{subsection.3.11.1}{\376\377\000C\000o\000n\000t\000e\000n\000t\000-\000B\000a\000s\000e\000d\000\040\000F\000i\000l\000t\000e\000r\000i\000n\000g}{section.3.11}% 93
\BOOKMARK [2][-]{subsection.3.11.2}{\376\377\000C\000o\000l\000l\000a\000b\000o\000r\000a\000t\000i\000v\000e\000\040\000F\000i\000l\000t\000e\000r\000i\000n\000g}{section.3.11}% 94
\BOOKMARK [1][-]{section.3.12}{\376\377\000U\000s\000e\000r\000\040\000I\000n\000t\000e\000r\000f\000a\000c\000e}{chapter.3}% 95
\BOOKMARK [2][-]{subsection.3.12.1}{\376\377\000L\000o\000g\000i\000n\000\040\000P\000a\000g\000e}{section.3.12}% 96
\BOOKMARK [2][-]{subsection.3.12.2}{\376\377\000F\000e\000e\000d\000\040\000P\000a\000g\000e}{section.3.12}% 97
\BOOKMARK [2][-]{subsection.3.12.3}{\376\377\000N\000o\000t\000i\000f\000i\000c\000a\000t\000i\000o\000n\000\040\000P\000a\000g\000e}{section.3.12}% 98
\BOOKMARK [2][-]{subsection.3.12.4}{\376\377\000P\000r\000o\000f\000i\000l\000e\000\040\000P\000a\000g\000e}{section.3.12}% 99
\BOOKMARK [2][-]{subsection.3.12.5}{\376\377\000C\000l\000u\000b\000\040\000P\000a\000g\000e}{section.3.12}% 100
\BOOKMARK [2][-]{subsection.3.12.6}{\376\377\000R\000e\000g\000i\000s\000t\000e\000r\000\040\000P\000a\000g\000e}{section.3.12}% 101
\BOOKMARK [2][-]{subsection.3.12.7}{\376\377\000E\000v\000e\000n\000t\000\040\000P\000a\000g\000e}{section.3.12}% 102
\BOOKMARK [2][-]{subsection.3.12.8}{\376\377\000E\000v\000a\000l\000u\000a\000t\000e\000\040\000P\000a\000g\000e}{section.3.12}% 103
\BOOKMARK [0][-]{chapter.4}{\376\377\016\032\016\027\016\027\016\065\016\110\000\040\016\034\016\045\016\001\016\062\016\043\016\027\016\024\016\045\016\055\016\007\016\101\016\045\016\060\016\055\016\040\016\064\016\033\016\043\016\062\016\042\016\034\016\045}{}% 104
\BOOKMARK [1][-]{section.4.1}{\376\377\016\001\016\062\016\043\016\100\016\033\016\045\016\065\016\110\016\042\016\031\016\101\016\033\016\045\016\007\016\043\016\062\016\042\016\045\016\060\016\100\016\055\016\065\016\042\016\024\016\002\016\055\016\007\016\102\016\004\016\043\016\007\016\001\016\062\016\043}{chapter.4}% 105
\BOOKMARK [2][-]{subsection.4.1.1}{\376\377\016\043\016\062\016\042\016\001\016\062\016\043\016\004\016\070\016\023\016\045\016\061\016\001\016\051\016\023\016\060\000\040\000\050\000F\000e\000a\000t\000u\000r\000e\000\040\000L\000i\000s\000t\000\051}{section.4.1}% 106
\BOOKMARK [2][-]{subsection.4.1.2}{\376\377\016\100\016\100\016\034\016\031\016\040\016\062\016\036\016\027\016\065\016\110\016\103\016\012\016\111\016\100\016\100\016\052\016\024\016\007\016\033\016\016\016\064\016\052\016\061\016\041\016\036\016\061\016\031\016\030\016\114\016\043\016\060\016\053\016\047\016\110\016\062\016\007\016\043\016\060\016\032\016\032\016\007\016\062\016\031\016\100\016\100\016\045\016\060\016\052\016\064\016\110\016\007\016\027\016\065\016\110\016\055\016\042\016\071\016\110\016\031\016\055\016\001\016\043\016\060\016\032\016\032\016\007\016\062\016\031\000\040\000\050\000U\000s\000e\000\040\000C\000a\000s\000e\000\040\000D\000i\000a\000g\000r\000a\000m\000\051}{section.4.1}% 107
\BOOKMARK [2][-]{subsection.4.1.3}{\376\377\016\100\016\100\016\034\016\031\016\040\016\062\016\036\016\027\016\065\016\110\016\103\016\012\016\111\016\100\016\100\016\052\016\024\016\007\016\001\016\062\016\043\016\027\016\063\016\007\016\062\016\031\016\002\016\055\016\007\016\043\016\060\016\032\016\032\000\040\000\050\000S\000e\000q\000u\000e\000n\000c\000e\000\040\000D\000i\000a\000g\000r\000a\000m\000\051}{section.4.1}% 108
\BOOKMARK [1][-]{section.4.2}{\376\377\016\001\016\062\016\043\016\036\016\061\016\022\016\031\016\062\016\002\016\055\016\007\016\102\016\004\016\043\016\007\016\001\016\062\016\043}{chapter.4}% 109
\BOOKMARK [2][-]{subsection.4.2.1}{\376\377\016\045\016\007\016\012\016\067\016\110\016\055\016\100\016\036\016\067\016\110\016\055\016\100\016\002\016\111\016\062\016\103\016\012\016\111\016\007\016\062\016\031\016\101\016\055\016\033\016\036\016\045\016\064\016\100\016\004\016\012\016\061\016\031}{section.4.2}% 110
\BOOKMARK [2][-]{subsection.4.2.2}{\376\377\016\001\016\043\016\023\016\065\016\027\016\065\016\110\016\100\016\004\016\042\016\045\016\007\016\012\016\067\016\110\016\055\016\100\016\002\016\111\016\062\016\103\016\012\016\111\016\103\016\031\016\101\016\055\016\033\016\036\016\045\016\064\016\100\016\004\016\012\016\061\016\031}{section.4.2}% 111
\BOOKMARK [2][-]{subsection.4.2.3}{\376\377\016\045\016\007\016\027\016\060\016\100\016\032\016\065\016\042\016\031\016\034\016\071\016\111\016\103\016\012\016\111\016\001\016\061\016\032\016\101\016\055\016\033\016\036\016\045\016\064\016\100\016\004\016\012\016\061\016\031}{section.4.2}% 112
\BOOKMARK [2][-]{subsection.4.2.4}{\376\377\016\001\016\062\016\043\016\101\016\032\016\110\016\007\016\033\016\043\016\060\016\100\016\040\016\027\016\002\016\055\016\007\016\001\016\064\016\010\016\001\016\043\016\043\016\041\016\101\016\045\016\060\016\012\016\041\016\043\016\041}{section.4.2}% 113
\BOOKMARK [2][-]{subsection.4.2.5}{\376\377\016\053\016\045\016\061\016\001\016\001\016\062\016\043\016\036\016\064\016\010\016\062\016\043\016\023\016\062\016\052\016\064\016\110\016\007\016\027\016\065\016\110\016\010\016\060\016\101\016\031\016\060\016\031\016\115\016\062\016\103\016\053\016\111\016\034\016\071\016\111\016\103\016\012\016\111\016\007\016\062\016\031}{section.4.2}% 114
\BOOKMARK [3][-]{subsubsection.4.2.5.1}{\376\377\000C\000o\000n\000t\000e\000n\000t\000-\000B\000a\000s\000e\000d\000\040\000F\000i\000l\000t\000e\000r\000i\000n\000g}{subsection.4.2.5}% 115
\BOOKMARK [3][-]{subsubsection.4.2.5.2}{\376\377\000C\000o\000l\000l\000a\000b\000o\000r\000a\000t\000i\000v\000e\000\040\000F\000i\000l\000t\000e\000r\000i\000n\000g}{subsection.4.2.5}% 116
\BOOKMARK [1][-]{section.4.3}{\376\377\016\001\016\062\016\043\016\027\016\024\016\052\016\055\016\032\016\001\016\062\016\043\016\027\016\063\016\007\016\062\016\031\000\040\000\050\000F\000u\000n\000c\000t\000i\000o\000n\000a\000l\000\040\000T\000e\000s\000t\000i\000n\000g\000\051}{chapter.4}% 117
\BOOKMARK [1][-]{section.4.4}{\376\377\016\001\016\062\016\043\016\027\016\024\016\052\016\055\016\032\016\004\016\070\016\023\016\040\016\062\016\036\016\002\016\055\016\007\016\043\016\060\016\032\016\032\000\040\000\050\000N\000o\000n\000\040\000F\000u\000n\000c\000t\000i\000o\000n\000a\000l\000\040\000T\000e\000s\000t\000i\000n\000g\000\051}{chapter.4}% 118
\BOOKMARK [0][-]{chapter.5}{\376\377\016\032\016\027\016\027\016\065\016\110\000\040\016\052\016\043\016\070\016\033\016\034\016\045\016\001\016\062\016\043\016\024\016\063\016\100\016\031\016\064\016\031\016\007\016\062\016\031}{}% 119
\BOOKMARK [1][-]{section.5.1}{\376\377\016\001\016\043\016\060\016\032\016\047\016\031\016\001\016\062\016\043\016\027\016\063\016\007\016\062\016\031\000\040\000\050\000W\000o\000r\000k\000\040\000P\000r\000o\000c\000e\000s\000s\000\051}{chapter.5}% 120
\BOOKMARK [2][-]{subsection.5.1.1}{\376\377\016\001\016\062\016\043\016\024\016\063\016\100\016\031\016\064\016\031\016\007\016\062\016\031\016\103\016\031\016\040\016\062\016\004\016\001\016\062\016\043\016\050\016\066\016\001\016\051\016\062\016\027\016\065\016\110\000\040\0001}{section.5.1}% 121
\BOOKMARK [3][-]{subsubsection.5.1.1.1}{\376\377\016\001\016\062\016\043\016\100\016\025\016\043\016\065\016\042\016\041\016\001\016\062\016\043\016\100\016\043\016\064\016\110\016\041\016\025\016\111\016\031\016\102\016\004\016\043\016\007\016\001\016\062\016\043}{subsection.5.1.1}% 122
\BOOKMARK [3][-]{subsubsection.5.1.1.2}{\376\377\016\050\016\066\016\001\016\051\016\062\016\047\016\064\016\030\016\065\016\001\016\062\016\043\016\036\016\061\016\022\016\031\016\062\016\101\016\055\016\033\016\036\016\045\016\064\016\100\016\004\016\012\016\061\016\031}{subsection.5.1.1}% 123
\BOOKMARK [3][-]{subsubsection.5.1.1.3}{\376\377\016\055\016\055\016\001\016\101\016\032\016\032\016\101\016\055\016\033\016\036\016\045\016\064\016\100\016\004\016\012\016\061\016\031}{subsection.5.1.1}% 124
\BOOKMARK [3][-]{subsubsection.5.1.1.4}{\376\377\016\010\016\061\016\024\016\100\016\025\016\043\016\065\016\042\016\041\016\002\016\111\016\055\016\041\016\071\016\045}{subsection.5.1.1}% 125
\BOOKMARK [2][-]{subsection.5.1.2}{\376\377\016\001\016\062\016\043\016\024\016\063\016\100\016\031\016\064\016\031\016\007\016\062\016\031\016\103\016\031\016\040\016\062\016\004\016\001\016\062\016\043\016\050\016\066\016\001\016\051\016\062\016\027\016\065\016\110\000\040\0002}{section.5.1}% 126
\BOOKMARK [3][-]{subsubsection.5.1.2.1}{\376\377\016\001\016\062\016\043\016\036\016\061\016\022\016\031\016\062\016\101\016\055\016\033\016\036\016\045\016\064\016\100\016\004\016\012\016\061\016\031}{subsection.5.1.2}% 127
\BOOKMARK [3][-]{subsubsection.5.1.2.2}{\376\377\016\001\016\062\016\043\016\027\016\024\016\052\016\055\016\032\016\101\016\055\016\033\016\036\016\045\016\064\016\100\016\004\016\012\016\061\016\031}{subsection.5.1.2}% 128
\BOOKMARK [1][-]{section.5.2}{\376\377\016\033\016\061\016\015\016\053\016\062\016\027\016\065\016\110\016\036\016\032\016\103\016\031\016\102\016\004\016\043\016\007\016\001\016\062\016\043\016\101\016\045\016\060\016\001\016\062\016\043\016\101\016\001\016\111\016\104\016\002\000\040\000\050\000P\000r\000o\000b\000l\000e\000m\000s\000\040\000a\000n\000d\000\040\000S\000o\000l\000u\000t\000i\000o\000n\000s\000\051}{chapter.5}% 129
\BOOKMARK [2][-]{subsection.5.2.1}{\376\377\016\004\016\047\016\062\016\041\016\104\016\041\016\110\016\004\016\070\016\111\016\031\016\012\016\064\016\031\016\001\016\061\016\032\016\100\016\027\016\004\016\102\016\031\016\102\016\045\016\042\016\065\016\027\016\065\016\110\016\103\016\012\016\111\016\103\016\031\016\001\016\062\016\043\016\036\016\061\016\022\016\031\016\062}{section.5.2}% 130
\BOOKMARK [2][-]{subsection.5.2.2}{\376\377\016\010\016\063\016\031\016\047\016\031\016\002\016\111\016\055\016\041\016\071\016\045\016\027\016\065\016\110\016\052\016\062\016\041\016\062\016\043\016\026\016\103\016\012\016\111\016\104\016\024\016\111\016\041\016\065\016\031\016\111\016\055\016\042}{section.5.2}% 131
\BOOKMARK [2][-]{subsection.5.2.3}{\376\377\016\004\016\047\016\062\016\041\016\045\016\063\016\032\016\062\016\001\016\103\016\031\016\001\016\062\016\043\016\002\016\055\016\002\016\111\016\055\016\041\016\071\016\045\016\010\016\062\016\001\016\041\016\053\016\062\016\047\016\064\016\027\016\042\016\062\016\045\016\061\016\042}{section.5.2}% 132
\BOOKMARK [2][-]{subsection.5.2.4}{\376\377\016\053\016\031\016\110\016\047\016\042\016\033\016\043\016\060\016\041\016\047\016\045\016\034\016\045\016\027\016\065\016\110\016\103\016\012\016\111\016\103\016\031\016\001\016\062\016\043\016\036\016\061\016\022\016\031\016\062\000\040\000M\000a\000c\000h\000i\000n\000e\000\040\000L\000e\000a\000r\000n\000i\000n\000g\000\040\016\041\016\065\016\010\016\063\016\031\016\047\016\031\016\031\016\111\016\055\016\042}{section.5.2}% 133
\BOOKMARK [1][-]{section.5.3}{\376\377\016\101\016\031\016\047\016\027\016\062\016\007\016\001\016\062\016\043\016\036\016\061\016\022\016\031\016\062\016\103\016\031\016\055\016\031\016\062\016\004\016\025\000\040\000\050\000F\000u\000t\000u\000r\000e\000\040\000W\000o\000r\000k\000\051}{chapter.5}% 134
\BOOKMARK [0][-]{section.5.3}{\376\377\016\053\016\031\016\061\016\007\016\052\016\067\016\055\016\055\016\111\016\062\016\007\016\055\016\064\016\007}{}% 135
\BOOKMARK [0][-]{section.5.3}{\376\377\000A\000p\000p\000e\000n\000d\000i\000x}{}% 136
\BOOKMARK [0][-]{section.5.3}{\376\377\000A\000\040\016\053\016\045\016\061\016\001\016\020\016\062\016\031\016\001\016\062\016\043\016\036\016\061\016\022\016\031\016\062\016\102\016\004\016\043\016\007\016\001\016\062\016\043}{}% 137
\BOOKMARK [0][-]{figure.caption.94}{\376\377\000B\000\040\000F\000u\000n\000c\000t\000i\000o\000n\000a\000l\000\040\000T\000e\000s\000t}{}% 138
