This is XeTeX, Version 3.141592653-2.6-0.999995 (TeX Live 2023) (preloaded format=xelatex 2023.11.18)  22 FEB 2024 00:39
entering extended mode
 restricted \write18 enabled.
 file:line:error style messages enabled.
 %&-line parsing enabled.
**d:/KMUTT-class/seniorProject/Actiwiz-Latex/undergrad-sample-thai
(d:/KMUTT-class/seniorProject/Actiwiz-Latex/undergrad-sample-thai.tex
LaTeX2e <2023-11-01>
L3 programming layer <2023-11-09>
(./cpe-thai-project.cls

LaTeX Warning: You have requested document class `cpe-thai-project',
               but the document class provides `cpe-grad'.

Document Class: cpe-grad 2016/05/30 CPE,KMUTT latex class
(c:/texlive/2023/texmf-dist/tex/latex/base/report.cls
Document Class: report 2023/05/17 v1.4n Standard LaTeX document class
(c:/texlive/2023/texmf-dist/tex/latex/base/size10.clo
File: size10.clo 2023/05/17 v1.4n Standard LaTeX file (size option)
)
\c@part=\count182
\c@chapter=\count183
\c@section=\count184
\c@subsection=\count185
\c@subsubsection=\count186
\c@paragraph=\count187
\c@subparagraph=\count188
\c@figure=\count189
\c@table=\count190
\abovecaptionskip=\skip48
\belowcaptionskip=\skip49
\bibindent=\dimen140
)
Document Style `CPE thesis/report'.
(c:/texlive/2023/texmf-dist/tex/latex/geometry/geometry.sty
Package: geometry 2020/01/02 v5.9 Page Geometry
 (c:/texlive/2023/texmf-dist/tex/latex/graphics/keyval.sty
Package: keyval 2022/05/29 v1.15 key=value parser (DPC)
\KV@toks@=\toks17
) (c:/texlive/2023/texmf-dist/tex/generic/iftex/ifvtex.sty
Package: ifvtex 2019/10/25 v1.7 ifvtex legacy package. Use iftex instead.
 (c:/texlive/2023/texmf-dist/tex/generic/iftex/iftex.sty
Package: iftex 2022/02/03 v1.0f TeX engine tests
))
\Gm@cnth=\count191
\Gm@cntv=\count192
\c@Gm@tempcnt=\count193
\Gm@bindingoffset=\dimen141
\Gm@wd@mp=\dimen142
\Gm@odd@mp=\dimen143
\Gm@even@mp=\dimen144
\Gm@layoutwidth=\dimen145
\Gm@layoutheight=\dimen146
\Gm@layouthoffset=\dimen147
\Gm@layoutvoffset=\dimen148
\Gm@dimlist=\toks18
) (c:/texlive/2023/texmf-dist/tex/latex/graphics/graphicx.sty
Package: graphicx 2021/09/16 v1.2d Enhanced LaTeX Graphics (DPC,SPQR)
 (c:/texlive/2023/texmf-dist/tex/latex/graphics/graphics.sty
Package: graphics 2022/03/10 v1.4e Standard LaTeX Graphics (DPC,SPQR)
 (c:/texlive/2023/texmf-dist/tex/latex/graphics/trig.sty
Package: trig 2021/08/11 v1.11 sin cos tan (DPC)
) (c:/texlive/2023/texmf-dist/tex/latex/graphics-cfg/graphics.cfg
File: graphics.cfg 2016/06/04 v1.11 sample graphics configuration
)
Package graphics Info: Driver file: xetex.def on input line 107.
 (c:/texlive/2023/texmf-dist/tex/latex/graphics-def/xetex.def
File: xetex.def 2022/09/22 v5.0n Graphics/color driver for xetex
))
\Gin@req@height=\dimen149
\Gin@req@width=\dimen150
) (c:/texlive/2023/texmf-dist/tex/latex/tools/array.sty
Package: array 2023/10/16 v2.5g Tabular extension package (FMi)
\col@sep=\dimen151
\ar@mcellbox=\box51
\extrarowheight=\dimen152
\NC@list=\toks19
\extratabsurround=\skip50
\backup@length=\skip51
\ar@cellbox=\box52
) (c:/texlive/2023/texmf-dist/tex/latex/amsfonts/amsfonts.sty
Package: amsfonts 2013/01/14 v3.01 Basic AMSFonts support
\@emptytoks=\toks20
\symAMSa=\mathgroup4
\symAMSb=\mathgroup5
LaTeX Font Info:    Redeclaring math symbol \hbar on input line 98.
LaTeX Font Info:    Overwriting math alphabet `\mathfrak' in version `bold'
(Font)                  U/euf/m/n --> U/euf/b/n on input line 106.
) (c:/texlive/2023/texmf-dist/tex/latex/amsmath/amsmath.sty
Package: amsmath 2023/05/13 v2.17o AMS math features
\@mathmargin=\skip52

For additional information on amsmath, use the `?' option.
(c:/texlive/2023/texmf-dist/tex/latex/amsmath/amstext.sty
Package: amstext 2021/08/26 v2.01 AMS text
 (c:/texlive/2023/texmf-dist/tex/latex/amsmath/amsgen.sty
File: amsgen.sty 1999/11/30 v2.0 generic functions
\@emptytoks=\toks21
\ex@=\dimen153
)) (c:/texlive/2023/texmf-dist/tex/latex/amsmath/amsbsy.sty
Package: amsbsy 1999/11/29 v1.2d Bold Symbols
\pmbraise@=\dimen154
) (c:/texlive/2023/texmf-dist/tex/latex/amsmath/amsopn.sty
Package: amsopn 2022/04/08 v2.04 operator names
)
\inf@bad=\count194
LaTeX Info: Redefining \frac on input line 234.
\uproot@=\count195
\leftroot@=\count196
LaTeX Info: Redefining \overline on input line 399.
LaTeX Info: Redefining \colon on input line 410.
\classnum@=\count197
\DOTSCASE@=\count198
LaTeX Info: Redefining \ldots on input line 496.
LaTeX Info: Redefining \dots on input line 499.
LaTeX Info: Redefining \cdots on input line 620.
\Mathstrutbox@=\box53
\strutbox@=\box54
LaTeX Info: Redefining \big on input line 722.
LaTeX Info: Redefining \Big on input line 723.
LaTeX Info: Redefining \bigg on input line 724.
LaTeX Info: Redefining \Bigg on input line 725.
\big@size=\dimen155
LaTeX Font Info:    Redeclaring font encoding OML on input line 743.
LaTeX Font Info:    Redeclaring font encoding OMS on input line 744.
\macc@depth=\count199
LaTeX Info: Redefining \bmod on input line 905.
LaTeX Info: Redefining \pmod on input line 910.
LaTeX Info: Redefining \smash on input line 940.
LaTeX Info: Redefining \relbar on input line 970.
LaTeX Info: Redefining \Relbar on input line 971.
\c@MaxMatrixCols=\count266
\dotsspace@=\muskip16
\c@parentequation=\count267
\dspbrk@lvl=\count268
\tag@help=\toks22
\row@=\count269
\column@=\count270
\maxfields@=\count271
\andhelp@=\toks23
\eqnshift@=\dimen156
\alignsep@=\dimen157
\tagshift@=\dimen158
\tagwidth@=\dimen159
\totwidth@=\dimen160
\lineht@=\dimen161
\@envbody=\toks24
\multlinegap=\skip53
\multlinetaggap=\skip54
\mathdisplay@stack=\toks25
LaTeX Info: Redefining \[ on input line 2953.
LaTeX Info: Redefining \] on input line 2954.
) (c:/texlive/2023/texmf-dist/tex/xelatex/mathspec/mathspec.sty
Package: mathspec 2016/12/22 v0.2b LaTeX Package (Mathematics font selection for XeLaTeX)
 (c:/texlive/2023/texmf-dist/tex/latex/etoolbox/etoolbox.sty
Package: etoolbox 2020/10/05 v2.5k e-TeX tools for LaTeX (JAW)
\etb@tempcnta=\count272
) (c:/texlive/2023/texmf-dist/tex/generic/iftex/ifxetex.sty
Package: ifxetex 2019/10/25 v0.7 ifxetex legacy package. Use iftex instead.
) (c:/texlive/2023/texmf-dist/tex/latex/fontspec/fontspec.sty (c:/texlive/2023/texmf-dist/tex/latex/l3packages/xparse/xparse.sty (c:/texlive/2023/texmf-dist/tex/latex/l3kernel/expl3.sty
Package: expl3 2023-11-09 L3 programming layer (loader) 
 (c:/texlive/2023/texmf-dist/tex/latex/l3backend/l3backend-xetex.def
File: l3backend-xetex.def 2023-11-09 L3 backend support: XeTeX
\g__graphics_track_int=\count273
\l__pdf_internal_box=\box55
\g__pdf_backend_object_int=\count274
\g__pdf_backend_annotation_int=\count275
\g__pdf_backend_link_int=\count276
))
Package: xparse 2023-10-10 L3 Experimental document command parser
)
Package: fontspec 2022/01/15 v2.8a Font selection for XeLaTeX and LuaLaTeX
 (c:/texlive/2023/texmf-dist/tex/latex/fontspec/fontspec-xetex.sty
Package: fontspec-xetex 2022/01/15 v2.8a Font selection for XeLaTeX and LuaLaTeX
\l__fontspec_script_int=\count277
\l__fontspec_language_int=\count278
\l__fontspec_strnum_int=\count279
\l__fontspec_tmp_int=\count280
\l__fontspec_tmpa_int=\count281
\l__fontspec_tmpb_int=\count282
\l__fontspec_tmpc_int=\count283
\l__fontspec_em_int=\count284
\l__fontspec_emdef_int=\count285
\l__fontspec_strong_int=\count286
\l__fontspec_strongdef_int=\count287
\l__fontspec_tmpa_dim=\dimen162
\l__fontspec_tmpb_dim=\dimen163
\l__fontspec_tmpc_dim=\dimen164
 (c:/texlive/2023/texmf-dist/tex/latex/base/fontenc.sty
Package: fontenc 2021/04/29 v2.0v Standard LaTeX package
) (c:/texlive/2023/texmf-dist/tex/latex/fontspec/fontspec.cfg))) (c:/texlive/2023/texmf-dist/tex/latex/xkeyval/xkeyval.sty
Package: xkeyval 2022/06/16 v2.9 package option processing (HA)
 (c:/texlive/2023/texmf-dist/tex/generic/xkeyval/xkeyval.tex (c:/texlive/2023/texmf-dist/tex/generic/xkeyval/xkvutils.tex
\XKV@toks=\toks26
\XKV@tempa@toks=\toks27
)
\XKV@depth=\count288
File: xkeyval.tex 2014/12/03 v2.7a key=value parser (HA)
))
\c@eu@=\count289
\c@eu@i=\count290
\c@mkern=\count291
) (c:/texlive/2023/texmf-dist/tex/xelatex/xunicode/xunicode.sty
File: xunicode.sty 2011/09/09 v0.981 provides access to latin accents and many other characters in Unicode lower plane
 (c:/texlive/2023/texmf-dist/tex/latex/tipa/t3enc.def
File: t3enc.def 2001/12/31 T3 encoding
)
\tipaTiiicode=\count292
\tipasavetokens=\toks28
\tipachecktokens=\toks29
) (c:/texlive/2023/texmf-dist/tex/xelatex/xltxtra/xltxtra.sty
Package: xltxtra 2018/12/31 v0.7 Improvements for the "XeLaTeX" format
 (c:/texlive/2023/texmf-dist/tex/generic/iftex/ifluatex.sty
Package: ifluatex 2019/10/25 v1.5 ifluatex legacy package. Use iftex instead.
) (c:/texlive/2023/texmf-dist/tex/latex/realscripts/realscripts.sty
Package: realscripts 2016/02/13 v0.3d Access OpenType subscripts and superscripts
\subsupersep=\dimen165
) (c:/texlive/2023/texmf-dist/tex/latex/metalogo/metalogo.sty
Package: metalogo 2010/05/29 v0.12 Extended TeX logo macros
\xl@everylogo=\toks30
\xl@@everylogo=\toks31
LaTeX Info: Redefining \TeX on input line 193.
LaTeX Info: Redefining \LaTeX on input line 202.
LaTeX Info: Redefining \LaTeXe on input line 219.
)
\l__xetex_show_hyphens_wrapping_box=\box56
\l__xetex_show_hyphens_temp_box=\box57
\l__xetex_show_hyphens_final_box=\box58
\g__xetex_show_hyphens_word_box=\box59
) (c:/texlive/2023/texmf-dist/tex/latex/url/url.sty
\Urlmuskip=\muskip17
Package: url 2013/09/16  ver 3.4  Verb mode for urls, etc.
) (c:/texlive/2023/texmf-dist/tex/latex/hyperref/hyperref.sty
Package: hyperref 2023-11-09 v7.01f Hypertext links for LaTeX
 (c:/texlive/2023/texmf-dist/tex/generic/ltxcmds/ltxcmds.sty
Package: ltxcmds 2020-05-10 v1.25 LaTeX kernel commands for general use (HO)
) (c:/texlive/2023/texmf-dist/tex/generic/pdftexcmds/pdftexcmds.sty
Package: pdftexcmds 2020-06-27 v0.33 Utility functions of pdfTeX for LuaTeX (HO)
 (c:/texlive/2023/texmf-dist/tex/generic/infwarerr/infwarerr.sty
Package: infwarerr 2019/12/03 v1.5 Providing info/warning/error messages (HO)
)
Package pdftexcmds Info: \pdf@primitive is available.
Package pdftexcmds Info: \pdf@ifprimitive is available.
Package pdftexcmds Info: \pdfdraftmode not found.
) (c:/texlive/2023/texmf-dist/tex/latex/kvsetkeys/kvsetkeys.sty
Package: kvsetkeys 2022-10-05 v1.19 Key value parser (HO)
) (c:/texlive/2023/texmf-dist/tex/generic/kvdefinekeys/kvdefinekeys.sty
Package: kvdefinekeys 2019-12-19 v1.6 Define keys (HO)
) (c:/texlive/2023/texmf-dist/tex/generic/pdfescape/pdfescape.sty
Package: pdfescape 2019/12/09 v1.15 Implements pdfTeX's escape features (HO)
) (c:/texlive/2023/texmf-dist/tex/latex/hycolor/hycolor.sty
Package: hycolor 2020-01-27 v1.10 Color options for hyperref/bookmark (HO)
) (c:/texlive/2023/texmf-dist/tex/latex/letltxmacro/letltxmacro.sty
Package: letltxmacro 2019/12/03 v1.6 Let assignment for LaTeX macros (HO)
) (c:/texlive/2023/texmf-dist/tex/latex/auxhook/auxhook.sty
Package: auxhook 2019-12-17 v1.6 Hooks for auxiliary files (HO)
) (c:/texlive/2023/texmf-dist/tex/latex/hyperref/nameref.sty
Package: nameref 2023-11-09 v2.55 Cross-referencing by name of section
 (c:/texlive/2023/texmf-dist/tex/latex/refcount/refcount.sty
Package: refcount 2019/12/15 v3.6 Data extraction from label references (HO)
) (c:/texlive/2023/texmf-dist/tex/generic/gettitlestring/gettitlestring.sty
Package: gettitlestring 2019/12/15 v1.6 Cleanup title references (HO)
 (c:/texlive/2023/texmf-dist/tex/latex/kvoptions/kvoptions.sty
Package: kvoptions 2022-06-15 v3.15 Key value format for package options (HO)
))
\c@section@level=\count293
)
\@linkdim=\dimen166
\Hy@linkcounter=\count294
\Hy@pagecounter=\count295
 (c:/texlive/2023/texmf-dist/tex/latex/hyperref/pd1enc.def
File: pd1enc.def 2023-11-09 v7.01f Hyperref: PDFDocEncoding definition (HO)
) (c:/texlive/2023/texmf-dist/tex/generic/intcalc/intcalc.sty
Package: intcalc 2019/12/15 v1.3 Expandable calculations with integers (HO)
)
\Hy@SavedSpaceFactor=\count296
 (c:/texlive/2023/texmf-dist/tex/latex/hyperref/puenc.def
File: puenc.def 2023-11-09 v7.01f Hyperref: PDF Unicode definition (HO)
 (c:/texlive/2023/texmf-dist/tex/latex/greek-fontenc/puenc-greek.def
File: puenc-greek.def 2023-09-12 2.5 Greek LICRs for PDF strings
 (c:/texlive/2023/texmf-dist/tex/latex/greek-fontenc/greek-fontenc.def
File: greek-fontenc.def 2023-09-12 2.5 Common Greek font encoding definitions
)))
Package hyperref Info: Hyper figures OFF on input line 4171.
Package hyperref Info: Link nesting OFF on input line 4176.
Package hyperref Info: Hyper index ON on input line 4179.
Package hyperref Info: Plain pages OFF on input line 4186.
Package hyperref Info: Backreferencing OFF on input line 4191.
Package hyperref Info: Implicit mode ON; LaTeX internals redefined.
Package hyperref Info: Bookmarks ON on input line 4438.
\c@Hy@tempcnt=\count297
LaTeX Info: Redefining \url on input line 4776.
\XeTeXLinkMargin=\dimen167
 (c:/texlive/2023/texmf-dist/tex/generic/bitset/bitset.sty
Package: bitset 2019/12/09 v1.3 Handle bit-vector datatype (HO)
 (c:/texlive/2023/texmf-dist/tex/generic/bigintcalc/bigintcalc.sty
Package: bigintcalc 2019/12/15 v1.5 Expandable calculations on big integers (HO)
))
\Fld@menulength=\count298
\Field@Width=\dimen168
\Fld@charsize=\dimen169
Package hyperref Info: Hyper figures OFF on input line 6055.
Package hyperref Info: Link nesting OFF on input line 6060.
Package hyperref Info: Hyper index ON on input line 6063.
Package hyperref Info: backreferencing OFF on input line 6070.
Package hyperref Info: Link coloring OFF on input line 6075.
Package hyperref Info: Link coloring with OCG OFF on input line 6080.
Package hyperref Info: PDF/A mode OFF on input line 6085.
 (c:/texlive/2023/texmf-dist/tex/latex/base/atbegshi-ltx.sty
Package: atbegshi-ltx 2021/01/10 v1.0c Emulation of the original atbegshi
package with kernel methods
)
\Hy@abspage=\count299
\c@Item=\count300
\c@Hfootnote=\count301
)
Package hyperref Info: Driver (autodetected): hxetex.
 (c:/texlive/2023/texmf-dist/tex/latex/hyperref/hxetex.def
File: hxetex.def 2023-11-09 v7.01f Hyperref driver for XeTeX
 (c:/texlive/2023/texmf-dist/tex/generic/stringenc/stringenc.sty
Package: stringenc 2019/11/29 v1.12 Convert strings between diff. encodings (HO)
)
\pdfm@box=\box60
\c@Hy@AnnotLevel=\count302
\HyField@AnnotCount=\count303
\Fld@listcount=\count304
\c@bookmark@seq@number=\count305
 (c:/texlive/2023/texmf-dist/tex/latex/rerunfilecheck/rerunfilecheck.sty
Package: rerunfilecheck 2022-07-10 v1.10 Rerun checks for auxiliary files (HO)
 (c:/texlive/2023/texmf-dist/tex/latex/base/atveryend-ltx.sty
Package: atveryend-ltx 2020/08/19 v1.0a Emulation of the original atveryend package
with kernel methods
) (c:/texlive/2023/texmf-dist/tex/generic/uniquecounter/uniquecounter.sty
Package: uniquecounter 2019/12/15 v1.4 Provide unlimited unique counter (HO)
)
Package uniquecounter Info: New unique counter `rerunfilecheck' on input line 285.
)
\Hy@SectionHShift=\skip55
)
Package hyperref Info: Option `linktocpage' set `true' on input line 54.
Package hyperref Info: Option `colorlinks' set `true' on input line 54.
\bibindent=\dimen170
 (c:/texlive/2023/texmf-dist/tex/latex/base/latexsym.sty
Package: latexsym 1998/08/17 v2.2e Standard LaTeX package (lasy symbols)
\symlasy=\mathgroup6
LaTeX Font Info:    Overwriting symbol font `lasy' in version `bold'
(Font)                  U/lasy/m/n --> U/lasy/b/n on input line 52.
)
\c@definition=\count306
) (c:/texlive/2023/texmf-dist/tex/latex/polyglossia/polyglossia.sty
Package: polyglossia 2023/10/01 v1.65 Modern multilingual typesetting with XeLaTeX and LuaLaTeX
 (c:/texlive/2023/texmf-dist/tex/latex/makecmds/makecmds.sty
Package: makecmds 2009/09/03 v1.0a extra command making commands
) (c:/texlive/2023/texmf-dist/tex/latex/l3packages/l3keys2e/l3keys2e.sty
Package: l3keys2e 2023-10-10 LaTeX2e option processing using LaTeX3 keys
)
\xpg@normalclass=\XeTeXcharclass1
 (c:/texlive/2023/texmf-dist/tex/latex/polyglossia/gloss-latex.lde
Package: gloss-latex 2023/10/01 v1.65 polyglossia: module for default language
The property list \polyglossia@langsetup contains the pairs (without outer
braces):
>  {latex/script}  =>  {latin}
>  {latex/lcscript}  =>  {latin}
>  {latex/scripttag}  =>  {}
>  {latex/language}  =>  {Latex}
>  {latex/langtag}  =>  {ENG}
>  {latex/bcp47}  =>  {en-US}
>  {latex/bcp47-language}  =>  {en}
>  {latex/bcp47-region}  =>  {US}
>  {latex/bcp47-script}  =>  {Latn}
>  {latex/bcp47-variant}  =>  {}
>  {latex/bcp47-extension-t}  =>  {}
>  {latex/bcp47-extension-u}  =>  {}
>  {latex/bcp47-extension-x}  =>  {}
>  {latex/bcp47-casing}  =>  {}
>  {latex/hyphennames}  =>  {english}
>  {latex/direction}  =>  {LR}
>  {latex/hyphenmins}  =>  {2,3}
>  {latex/frenchspacing}  =>  {false}
>  {latex/indentfirst}  =>  {false}
>  {latex/fontsetup}  =>  {true}
>  {latex/envname}  =>  {latex}
>  {latex/babelname}  =>  {latex}
>  {latex/localnumeral}  =>  {polyglossia@C@localnumeral}
>  {latex/Localnumeral}  =>  {polyglossia@C@localnumeral}
>  {latex/DefineCommandsCmd}  =>  {use_none:n}.
)
Package polyglossia Info: Default language is latex.
) (c:/texlive/2023/texmf-dist/tex/latex/multirow/multirow.sty
Package: multirow 2021/03/15 v2.8 Span multiple rows of a table
\multirow@colwidth=\skip56
\multirow@cntb=\count307
\multirow@dima=\skip57
\bigstrutjot=\dimen171
) (c:/texlive/2023/texmf-dist/tex/latex/xcolor/xcolor.sty
Package: xcolor 2023/11/15 v3.01 LaTeX color extensions (UK)
 (c:/texlive/2023/texmf-dist/tex/latex/graphics-cfg/color.cfg
File: color.cfg 2016/01/02 v1.6 sample color configuration
)
Package xcolor Info: Driver file: xetex.def on input line 274.
 (c:/texlive/2023/texmf-dist/tex/latex/graphics/mathcolor.ltx)
Package xcolor Info: Model `cmy' substituted by `cmy0' on input line 1350.
Package xcolor Info: Model `RGB' extended on input line 1366.
Package xcolor Info: Model `HTML' substituted by `rgb' on input line 1368.
Package xcolor Info: Model `Hsb' substituted by `hsb' on input line 1369.
Package xcolor Info: Model `tHsb' substituted by `hsb' on input line 1370.
Package xcolor Info: Model `HSB' substituted by `hsb' on input line 1371.
Package xcolor Info: Model `Gray' substituted by `gray' on input line 1372.
Package xcolor Info: Model `wave' substituted by `hsb' on input line 1373.
) (c:/texlive/2023/texmf-dist/tex/latex/colortbl/colortbl.sty
Package: colortbl 2022/06/20 v1.0f Color table columns (DPC)
\everycr=\toks32
\minrowclearance=\skip58
\rownum=\count308
) (c:/texlive/2023/texmf-dist/tex/latex/placeins/placeins.sty
Package: placeins 2005/04/18  v 2.2
) (c:/texlive/2023/texmf-dist/tex/latex/enumitem/enumitem.sty
Package: enumitem 2019/06/20 v3.9 Customized lists
\labelindent=\skip59
\enit@outerparindent=\dimen172
\enit@toks=\toks33
\enit@inbox=\box61
\enit@count@id=\count309
\enitdp@description=\count310
) (c:/texlive/2023/texmf-dist/tex/latex/caption/caption.sty
Package: caption 2023/08/05 v3.6o Customizing captions (AR)
 (c:/texlive/2023/texmf-dist/tex/latex/caption/caption3.sty
Package: caption3 2023/07/31 v2.4d caption3 kernel (AR)
\caption@tempdima=\dimen173
\captionmargin=\dimen174
\caption@leftmargin=\dimen175
\caption@rightmargin=\dimen176
\caption@width=\dimen177
\caption@indent=\dimen178
\caption@parindent=\dimen179
\caption@hangindent=\dimen180
Package caption Info: Unknown document class (or package),
(caption)             standard defaults will be used.
Package caption Info: \@makecaption = \long macro:#1#2->\vskip \abovecaptionskip \sbox \@tempboxa {{\bf #1} #2}\ifdim \wd \@tempboxa >\hsize {\bf #1} #2\par \else \global \@minipagefalse \hb@xt@ \hsize {\hfil \box \@tempboxa \hfil }\fi \vskip \belowcaptionskip  on input line 1175.
)

Package caption Warning: Unknown document class (or package),
(caption)                standard defaults will be used.
See the caption package documentation for explanation.

\c@caption@flags=\count311
\c@continuedfloat=\count312
Package caption Info: hyperref package is loaded.
) (c:/texlive/2023/texmf-dist/tex/latex/tools/indentfirst.sty
Package: indentfirst 2023/07/02 v1.03 Indent first paragraph (DPC)
) (c:/texlive/2023/texmf-dist/tex/latex/polyglossia/gloss-thai.ldf
File: gloss-thai.ldf polyglossia: module for Thai
The property list \polyglossia@langsetup contains the pairs (without outer
braces):
>  {latex/script}  =>  {latin}
>  {latex/lcscript}  =>  {latin}
>  {latex/scripttag}  =>  {}
>  {latex/language}  =>  {Latex}
>  {latex/langtag}  =>  {ENG}
>  {latex/bcp47}  =>  {en-US}
>  {latex/bcp47-language}  =>  {en}
>  {latex/bcp47-region}  =>  {US}
>  {latex/bcp47-script}  =>  {Latn}
>  {latex/bcp47-variant}  =>  {}
>  {latex/bcp47-extension-t}  =>  {}
>  {latex/bcp47-extension-u}  =>  {}
>  {latex/bcp47-extension-x}  =>  {}
>  {latex/bcp47-casing}  =>  {}
>  {latex/hyphennames}  =>  {english}
>  {latex/direction}  =>  {LR}
>  {latex/hyphenmins}  =>  {2,3}
>  {latex/frenchspacing}  =>  {false}
>  {latex/indentfirst}  =>  {false}
>  {latex/fontsetup}  =>  {true}
>  {latex/envname}  =>  {latex}
>  {latex/babelname}  =>  {latex}
>  {latex/localnumeral}  =>  {polyglossia@C@localnumeral}
>  {latex/Localnumeral}  =>  {polyglossia@C@localnumeral}
>  {latex/DefineCommandsCmd}  =>  {use_none:n}
>  {thai/script}  =>  {Thai}
>  {thai/lcscript}  =>  {thai}
>  {thai/scripttag}  =>  {thai}
>  {thai/language}  =>  {Thai}
>  {thai/langtag}  =>  {THA}
>  {thai/bcp47}  =>  {th}
>  {thai/bcp47-language}  =>  {th}
>  {thai/bcp47-region}  =>  {}
>  {thai/bcp47-script}  =>  {Thai}
>  {thai/bcp47-variant}  =>  {}
>  {thai/bcp47-extension-t}  =>  {}
>  {thai/bcp47-extension-u}  =>  {}
>  {thai/bcp47-extension-x}  =>  {}
>  {thai/bcp47-casing}  =>  {}
>  {thai/hyphennames}  =>  {nohyphenation}
>  {thai/direction}  =>  {LR}
>  {thai/hyphenmins}  =>  {2,3}
>  {thai/frenchspacing}  =>  {false}
>  {thai/indentfirst}  =>  {false}
>  {thai/fontsetup}  =>  {true}
>  {thai/envname}  =>  {thai}
>  {thai/babelname}  =>  {thai}
>  {thai/localnumeral}  =>  {thainumerals}
>  {thai/Localnumeral}  =>  {thainumerals}
>  {thai/DefineCommandsCmd}  =>  {xpg_define_language_commands:e}.
)
Package polyglossia Info: Default language is thai.
 (c:/texlive/2023/texmf-dist/tex/latex/polyglossia/gloss-english.ldf
File: gloss-english.ldf polyglossia: module for English
The property list \polyglossia@langsetup contains the pairs (without outer
braces):
>  {latex/script}  =>  {latin}
>  {latex/lcscript}  =>  {latin}
>  {latex/scripttag}  =>  {}
>  {latex/language}  =>  {Latex}
>  {latex/langtag}  =>  {ENG}
>  {latex/bcp47}  =>  {en-US}
>  {latex/bcp47-language}  =>  {en}
>  {latex/bcp47-region}  =>  {US}
>  {latex/bcp47-script}  =>  {Latn}
>  {latex/bcp47-variant}  =>  {}
>  {latex/bcp47-extension-t}  =>  {}
>  {latex/bcp47-extension-u}  =>  {}
>  {latex/bcp47-extension-x}  =>  {}
>  {latex/bcp47-casing}  =>  {}
>  {latex/hyphennames}  =>  {english}
>  {latex/direction}  =>  {LR}
>  {latex/hyphenmins}  =>  {2,3}
>  {latex/frenchspacing}  =>  {false}
>  {latex/indentfirst}  =>  {false}
>  {latex/fontsetup}  =>  {true}
>  {latex/envname}  =>  {latex}
>  {latex/babelname}  =>  {latex}
>  {latex/localnumeral}  =>  {polyglossia@C@localnumeral}
>  {latex/Localnumeral}  =>  {polyglossia@C@localnumeral}
>  {latex/DefineCommandsCmd}  =>  {use_none:n}
>  {thai/script}  =>  {Thai}
>  {thai/lcscript}  =>  {thai}
>  {thai/scripttag}  =>  {thai}
>  {thai/language}  =>  {Thai}
>  {thai/langtag}  =>  {THA}
>  {thai/bcp47}  =>  {th}
>  {thai/bcp47-language}  =>  {th}
>  {thai/bcp47-region}  =>  {}
>  {thai/bcp47-script}  =>  {Thai}
>  {thai/bcp47-variant}  =>  {}
>  {thai/bcp47-extension-t}  =>  {}
>  {thai/bcp47-extension-u}  =>  {nu-latn}
>  {thai/bcp47-extension-x}  =>  {}
>  {thai/bcp47-casing}  =>  {}
>  {thai/hyphennames}  =>  {nohyphenation}
>  {thai/direction}  =>  {LR}
>  {thai/hyphenmins}  =>  {2,3}
>  {thai/frenchspacing}  =>  {false}
>  {thai/indentfirst}  =>  {false}
>  {thai/fontsetup}  =>  {true}
>  {thai/envname}  =>  {thai}
>  {thai/babelname}  =>  {thai}
>  {thai/localnumeral}  =>  {thainumerals}
>  {thai/Localnumeral}  =>  {thainumerals}
>  {thai/DefineCommandsCmd}  =>  {xpg_define_language_commands:e}
>  {english/script}  =>  {latin}
>  {english/lcscript}  =>  {latin}
>  {english/scripttag}  =>  {}
>  {english/language}  =>  {English}
>  {english/langtag}  =>  {ENG}
>  {english/bcp47}  =>  {en-US}
>  {english/bcp47-language}  =>  {en}
>  {english/bcp47-region}  =>  {US}
>  {english/bcp47-script}  =>  {Latn}
>  {english/bcp47-variant}  =>  {}
>  {english/bcp47-extension-t}  =>  {}
>  {english/bcp47-extension-u}  =>  {}
>  {english/bcp47-extension-x}  =>  {}
>  {english/bcp47-casing}  =>  {}
>  {english/hyphennames}  =>  {english,american,usenglish,USenglish}
>  {english/direction}  =>  {LR}
>  {english/hyphenmins}  =>  {2,3}
>  {english/frenchspacing}  =>  {false}
>  {english/indentfirst}  =>  {false}
>  {english/fontsetup}  =>  {true}
>  {english/envname}  =>  {english}
>  {english/babelname}  =>  {english}
>  {english/localnumeral}  =>  {polyglossia@C@localnumeral}
>  {english/Localnumeral}  =>  {polyglossia@C@localnumeral}
>  {english/DefineCommandsCmd}  =>  {xpg_define_language_commands:e}.
Package polyglossia Info: Option: English, variant=american.
)

Package fontspec Info: Font family 'THSarabunNew(0)' created for font 'TH
(fontspec)             Sarabun New' with options
(fontspec)             [Mapping=tex-text,Scale=1.23,LetterSpace=0.0,Ligatures=TeX,Scale
(fontspec)             = 1.23,Extension = .ttf,UprightFont =
(fontspec)             THSarabunNew,ItalicFont = THSarabunNew Italic,BoldFont
(fontspec)             = THSarabunNew Bold,BoldItalicFont = THSarabunNew
(fontspec)             BoldItalic,LetterSpace = 0,WordSpace = 1.0,FakeStretch
(fontspec)             = 1.0,Mapping = tex-text].
(fontspec)              
(fontspec)              This font family consists of the following NFSS
(fontspec)             series/shapes:
(fontspec)              
(fontspec)             - 'normal' (m/n) with NFSS spec.:
(fontspec)             <->s*[1.23]"[THSarabunNew.ttf]/OT:script=latn;language=dflt;letterspace=0.0;letterspace=0;extend=1.0;mapping=tex-text;"
(fontspec)             - 'small caps'  (m/sc) with NFSS spec.: 
(fontspec)             and font adjustment code:
(fontspec)             \fontdimen 2\font =1.0\fontdimen 2\font \fontdimen
(fontspec)             3\font =1.0\fontdimen 3\font \fontdimen 4\font
(fontspec)             =1.0\fontdimen 4\font 
(fontspec)             - 'bold' (b/n) with NFSS spec.:
(fontspec)             <->s*[1.23]"[THSarabunNew
(fontspec)             Bold.ttf]/OT:script=latn;language=dflt;letterspace=0.0;letterspace=0;extend=1.0;mapping=tex-text;"
(fontspec)             - 'bold small caps'  (b/sc) with NFSS spec.: 
(fontspec)             and font adjustment code:
(fontspec)             \fontdimen 2\font =1.0\fontdimen 2\font \fontdimen
(fontspec)             3\font =1.0\fontdimen 3\font \fontdimen 4\font
(fontspec)             =1.0\fontdimen 4\font 
(fontspec)             - 'italic' (m/it) with NFSS spec.:
(fontspec)             <->s*[1.23]"[THSarabunNew
(fontspec)             Italic.ttf]/OT:script=latn;language=dflt;letterspace=0.0;letterspace=0;extend=1.0;mapping=tex-text;"
(fontspec)             - 'italic small caps'  (m/scit) with NFSS spec.: 
(fontspec)             and font adjustment code:
(fontspec)             \fontdimen 2\font =1.0\fontdimen 2\font \fontdimen
(fontspec)             3\font =1.0\fontdimen 3\font \fontdimen 4\font
(fontspec)             =1.0\fontdimen 4\font 
(fontspec)             - 'bold italic' (b/it) with NFSS spec.:
(fontspec)             <->s*[1.23]"[THSarabunNew
(fontspec)             BoldItalic.ttf]/OT:script=latn;language=dflt;letterspace=0.0;letterspace=0;extend=1.0;mapping=tex-text;"
(fontspec)             - 'bold italic small caps'  (b/scit) with NFSS spec.: 
(fontspec)             and font adjustment code:
(fontspec)             \fontdimen 2\font =1.0\fontdimen 2\font \fontdimen
(fontspec)             3\font =1.0\fontdimen 3\font \fontdimen 4\font
(fontspec)             =1.0\fontdimen 4\font 

LaTeX Font Info:    Font shape `TU/THSarabunNew(0)/m/n' will be
(Font)              scaled to size 12.29996pt on input line 28.
\c@theorem=\count313
\c@lemma=\count314
\c@corollary=\count315
 (c:/texlive/2023/texmf-dist/tex/latex/ragged2e/ragged2e.sty
Package: ragged2e 2023/06/22 v3.6 ragged2e Package
\CenteringLeftskip=\skip60
\RaggedLeftLeftskip=\skip61
\RaggedRightLeftskip=\skip62
\CenteringRightskip=\skip63
\RaggedLeftRightskip=\skip64
\RaggedRightRightskip=\skip65
\CenteringParfillskip=\skip66
\RaggedLeftParfillskip=\skip67
\RaggedRightParfillskip=\skip68
\JustifyingParfillskip=\skip69
\CenteringParindent=\skip70
\RaggedLeftParindent=\skip71
\RaggedRightParindent=\skip72
\JustifyingParindent=\skip73
) (./undergrad-sample-thai.aux

LaTeX Warning: Label `tab:functionaltesting' multiply defined.


LaTeX Warning: Label `tab:functionaltesting' multiply defined.

)
\openout1 = `undergrad-sample-thai.aux'.

LaTeX Font Info:    Checking defaults for OML/cmm/m/it on input line 110.
LaTeX Font Info:    ... okay on input line 110.
LaTeX Font Info:    Checking defaults for OMS/cmsy/m/n on input line 110.
LaTeX Font Info:    ... okay on input line 110.
LaTeX Font Info:    Checking defaults for OT1/cmr/m/n on input line 110.
LaTeX Font Info:    ... okay on input line 110.
LaTeX Font Info:    Checking defaults for T1/cmr/m/n on input line 110.
LaTeX Font Info:    ... okay on input line 110.
LaTeX Font Info:    Checking defaults for TS1/cmr/m/n on input line 110.
LaTeX Font Info:    Trying to load font information for TS1+cmr on input line 110.
 (c:/texlive/2023/texmf-dist/tex/latex/base/ts1cmr.fd
File: ts1cmr.fd 2023/04/13 v2.5m Standard LaTeX font definitions
)
LaTeX Font Info:    ... okay on input line 110.
LaTeX Font Info:    Checking defaults for TU/lmr/m/n on input line 110.
LaTeX Font Info:    ... okay on input line 110.
LaTeX Font Info:    Checking defaults for OMX/cmex/m/n on input line 110.
LaTeX Font Info:    ... okay on input line 110.
LaTeX Font Info:    Checking defaults for U/cmr/m/n on input line 110.
LaTeX Font Info:    ... okay on input line 110.
LaTeX Font Info:    Checking defaults for T3/cmr/m/n on input line 110.
LaTeX Font Info:    Trying to load font information for T3+cmr on input line 110.
 (c:/texlive/2023/texmf-dist/tex/latex/tipa/t3cmr.fd
File: t3cmr.fd 2001/12/31 TIPA font definitions
)
LaTeX Font Info:    ... okay on input line 110.
LaTeX Font Info:    Checking defaults for PD1/pdf/m/n on input line 110.
LaTeX Font Info:    ... okay on input line 110.
LaTeX Font Info:    Checking defaults for PU/pdf/m/n on input line 110.
LaTeX Font Info:    ... okay on input line 110.

*geometry* driver: auto-detecting
*geometry* detected driver: xetex
*geometry* verbose mode - [ preamble ] result:
* driver: xetex
* paper: a4paper
* layout: <same size as paper>
* layoutoffset:(h,v)=(0.0pt,0.0pt)
* modes: 
* h-part:(L,W,R)=(113.81102pt, 426.79135pt, 56.9055pt)
* v-part:(T,H,B)=(85.35826pt, 702.78308pt, 56.9055pt)
* \paperwidth=597.50787pt
* \paperheight=845.04684pt
* \textwidth=433.62pt
* \textheight=712.49861pt
* \oddsidemargin=36.135pt
* \evensidemargin=41.54103pt
* \topmargin=-22.76228pt
* \headheight=12.0pt
* \headsep=25.0pt
* \topskip=10.0pt
* \footskip=30.0pt
* \marginparwidth=65.0pt
* \marginparsep=11.0pt
* \columnsep=10.0pt
* \skip\footins=9.0pt plus 4.0pt minus 2.0pt
* \hoffset=0.0pt
* \voffset=0.0pt
* \mag=1000
* \@twocolumnfalse
* \@twosidefalse
* \@mparswitchfalse
* \@reversemarginfalse
* (1in=72.27pt=25.4mm, 1cm=28.453pt)

Package hyperref Info: Link coloring ON on input line 110.
(./undergrad-sample-thai.out) (./undergrad-sample-thai.out)
\@outlinefile=\write3
\openout3 = `undergrad-sample-thai.out'.

The property list \__xpg_alias contains the pairs (without outer braces):
>  {latex/target}  =>  {latex}
>  {thai/target}  =>  {thai}
>  {th/target}  =>  {thai}
>  {english/target}  =>  {english}
>  {en/target}  =>  {english}
>  {en-AU/target}  =>  {english}
>  {en-AU/variant}  =>  {australian}
>  {en-AU/options}  =>  {variant=australian}
>  {en-CA/target}  =>  {english}
>  {en-CA/variant}  =>  {canadian}
>  {en-CA/options}  =>  {variant=canadian}
>  {en-GB/target}  =>  {english}
>  {en-GB/variant}  =>  {british}
>  {en-GB/options}  =>  {variant=british}
>  {en-NZ/target}  =>  {english}
>  {en-NZ/variant}  =>  {newzealand}
>  {en-NZ/options}  =>  {variant=newzealand}
>  {en-US/target}  =>  {english}
>  {en-US/variant}  =>  {us}
>  {en-US/options}  =>  {variant=us}
>  {american/target}  =>  {english}
>  {american/variant}  =>  {us}
>  {american/options}  =>  {variant=us}
>  {australian/target}  =>  {english}
>  {australian/variant}  =>  {australian}
>  {australian/options}  =>  {variant=australian}
>  {british/target}  =>  {english}
>  {british/variant}  =>  {british}
>  {british/options}  =>  {variant=british}
>  {canadian/target}  =>  {english}
>  {canadian/variant}  =>  {canadian}
>  {canadian/options}  =>  {variant=canadian}
>  {newzealand/target}  =>  {english}
>  {newzealand/variant}  =>  {newzealand}
>  {newzealand/options}  =>  {variant=newzealand}.
Package caption Info: Begin \AtBeginDocument code.
Package caption Info: End \AtBeginDocument code.

Package fontspec Info: Font family 'THSarabunNew(1)' created for font 'TH
(fontspec)             Sarabun New' with options
(fontspec)             [Mapping=tex-text,Scale=1.23,LetterSpace=0.0,Ligatures=TeX,Scale
(fontspec)             = 1.23,Extension = .ttf,UprightFont =
(fontspec)             THSarabunNew,ItalicFont = THSarabunNew Italic,BoldFont
(fontspec)             = THSarabunNew Bold,BoldItalicFont = THSarabunNew
(fontspec)             BoldItalic,LetterSpace = 0,WordSpace = 1.0,FakeStretch
(fontspec)             = 1.0,Mapping = tex-text,Script=Thai].
(fontspec)              
(fontspec)              This font family consists of the following NFSS
(fontspec)             series/shapes:
(fontspec)              
(fontspec)             - 'normal' (m/n) with NFSS spec.:
(fontspec)             <->s*[1.23]"[THSarabunNew.ttf]/OT:script=thai;language=dflt;letterspace=0.0;letterspace=0;extend=1.0;mapping=tex-text;"
(fontspec)             - 'small caps'  (m/sc) with NFSS spec.: 
(fontspec)             and font adjustment code:
(fontspec)             \fontdimen 2\font =1.0\fontdimen 2\font \fontdimen
(fontspec)             3\font =1.0\fontdimen 3\font \fontdimen 4\font
(fontspec)             =1.0\fontdimen 4\font 
(fontspec)             - 'bold' (b/n) with NFSS spec.:
(fontspec)             <->s*[1.23]"[THSarabunNew
(fontspec)             Bold.ttf]/OT:script=thai;language=dflt;letterspace=0.0;letterspace=0;extend=1.0;mapping=tex-text;"
(fontspec)             - 'bold small caps'  (b/sc) with NFSS spec.: 
(fontspec)             and font adjustment code:
(fontspec)             \fontdimen 2\font =1.0\fontdimen 2\font \fontdimen
(fontspec)             3\font =1.0\fontdimen 3\font \fontdimen 4\font
(fontspec)             =1.0\fontdimen 4\font 
(fontspec)             - 'italic' (m/it) with NFSS spec.:
(fontspec)             <->s*[1.23]"[THSarabunNew
(fontspec)             Italic.ttf]/OT:script=thai;language=dflt;letterspace=0.0;letterspace=0;extend=1.0;mapping=tex-text;"
(fontspec)             - 'italic small caps'  (m/scit) with NFSS spec.: 
(fontspec)             and font adjustment code:
(fontspec)             \fontdimen 2\font =1.0\fontdimen 2\font \fontdimen
(fontspec)             3\font =1.0\fontdimen 3\font \fontdimen 4\font
(fontspec)             =1.0\fontdimen 4\font 
(fontspec)             - 'bold italic' (b/it) with NFSS spec.:
(fontspec)             <->s*[1.23]"[THSarabunNew
(fontspec)             BoldItalic.ttf]/OT:script=thai;language=dflt;letterspace=0.0;letterspace=0;extend=1.0;mapping=tex-text;"
(fontspec)             - 'bold italic small caps'  (b/scit) with NFSS spec.: 
(fontspec)             and font adjustment code:
(fontspec)             \fontdimen 2\font =1.0\fontdimen 2\font \fontdimen
(fontspec)             3\font =1.0\fontdimen 3\font \fontdimen 4\font
(fontspec)             =1.0\fontdimen 4\font 

LaTeX Font Info:    Font shape `TU/THSarabunNew(1)/m/n' will be
(Font)              scaled to size 12.29996pt on input line 110.
\thai@year=\count316
File: ./Pictures/logo02.jpg Graphic file (type bmp)
<./Pictures/logo02.jpg>
 [1


]
LaTeX Font Info:    Trying to load font information for U+msa on input line 122.
 (c:/texlive/2023/texmf-dist/tex/latex/amsfonts/umsa.fd
File: umsa.fd 2013/01/14 v3.01 AMS symbols A
)
LaTeX Font Info:    Trying to load font information for U+msb on input line 122.
 (c:/texlive/2023/texmf-dist/tex/latex/amsfonts/umsb.fd
File: umsb.fd 2013/01/14 v3.01 AMS symbols B
)
LaTeX Font Info:    Trying to load font information for U+lasy on input line 122.
 (c:/texlive/2023/texmf-dist/tex/latex/base/ulasy.fd
File: ulasy.fd 1998/08/17 v2.2e LaTeX symbol font definitions
)
Underfull \hbox (badness 10000) in alignment at lines 122--122
[] [] 
 []

[2]
LaTeX Font Info:    Font shape `TU/THSarabunNew(1)/m/n' will be
(Font)              scaled to size 14.75995pt on input line 149.
LaTeX Font Info:    Font shape `TU/THSarabunNew(1)/b/n' will be
(Font)              scaled to size 14.75995pt on input line 149.


Package hyperref Warning: bookmark level for unknown chapterx defaults to 0.

[3

] (./undergrad-sample-thai.toc
\thai@year=\count317
LaTeX Font Info:    Font shape `TU/THSarabunNew(1)/b/n' will be
(Font)              scaled to size 12.29996pt on input line 3.
LaTeX Font Info:    Font shape `TU/THSarabunNew(0)/b/n' will be
(Font)              scaled to size 12.29996pt on input line 7.
 [4

]
Overfull \hbox (3.17613pt too wide) in paragraph at lines 81--81
 []  []\TU/THSarabunNew(1)/m/n/10 โหนด Club Category: เป็นโหนดที่จะเก็บข้อมูลเกี่ยวกับรายละเอียดประเภทชมรมภายในมหาวิทยาลัย []  
 []


Overfull \hbox (0.58081pt too wide) in paragraph at lines 84--84
 \TU/THSarabunNew(1)/m/n/10 ความสัมพันธ์ภายในแบบจำลองข้อมูลแบบกราฟของแอพพลิเคชัน Actiwiz เป็นการสร้างความเชื่อมโยงและการมีปฏิสัมพันธ์ 
 []

[5])
\tf@toc=\write4
\openout4 = `undergrad-sample-thai.toc'.

 [6] (./undergrad-sample-thai.lot)
\tf@lot=\write5
\openout5 = `undergrad-sample-thai.lot'.

 [7

] (./undergrad-sample-thai.lof)
\tf@lof=\write6
\openout6 = `undergrad-sample-thai.lof'.

 [8

]
บทที่ 1.

Package hyperref Warning: Token not allowed in a PDF string (Unicode):
(hyperref)                \kern -9.84pt
(hyperref)                removed on input line 198.

LaTeX Font Info:    Font shape `TU/THSarabunNew(1)/m/n' will be
(Font)              scaled to size 17.71193pt on input line 198.
LaTeX Font Info:    Font shape `TU/THSarabunNew(0)/m/n' will be
(Font)              scaled to size 17.71193pt on input line 198.
LaTeX Font Info:    Font shape `TU/THSarabunNew(1)/b/n' will be
(Font)              scaled to size 17.71193pt on input line 198.

Overfull \hbox (20.93254pt too wide) in paragraph at lines 206--211
[]\TU/THSarabunNew(1)/m/n/10 เนื่องจากคณะผู้ศึกษาตระหนักถึงปัญหาที่เกี่ยวข้องกับการกระจายข่าวสารเกี่ยวกับกิจกรรมต่าง ๆ ภายในมหาวิทยาลัยที่มีการประชาสัมพันธ์
 []


Underfull \hbox (badness 5475) in paragraph at lines 219--220
[]\TU/THSarabunNew(1)/m/n/10 เพื่อศึกษาพฤติกรรมและความสนใจในการเข้าร่วมกิจกรรมของนักศึกษา เพื่อที่จะแนะนำกิจกรรมและชมรมที่นักศึกษามีแนวโน้ม
 []


Overfull \hbox (21.65715pt too wide) in paragraph at lines 221--222
[]\TU/THSarabunNew(1)/m/n/10 สามารถแนะนำแนวทางการจัดกิจกรรมที่มีนักศึกษาภายในมหาวิทยาลัยให้ความสนใจ ไปเสนอแก่ทางมหาวิทยาลัย เพื่อเพิ่มประสิทธิภาพ
 []

[1

]
File: ./Pictures/Gantt_Chart_1st_Sem.png Graphic file (type bmp)
<./Pictures/Gantt_Chart_1st_Sem.png>

Overfull \hbox (24.46931pt too wide) in paragraph at lines 231--232
 [][][][] 
 []

File: ./Pictures/Gantt_Chart_2nd_Sem.png Graphic file (type bmp)
<./Pictures/Gantt_Chart_2nd_Sem.png>

Overfull \hbox (24.46931pt too wide) in paragraph at lines 238--239
 [][][][] 
 []

[2] [3]
บทที่ 2.

Package hyperref Warning: Token not allowed in a PDF string (Unicode):
(hyperref)                \kern -9.84pt
(hyperref)                removed on input line 267.


Underfull \hbox (badness 1590) in paragraph at lines 268--269
\TU/THSarabunNew(1)/m/n/10 ความสามารถและการหยิบมาใช้งานในโครงการโดยละเอียด อีกทั้งยังมีการวิเคราะห์ผลิตภัณฑ์ในประเภทเดียวกันที่มีการใช้งานอยู่เพื่อนำ
 []

LaTeX Font Info:    Font shape `TU/THSarabunNew(1)/b/n' will be
(Font)              scaled to size 13.52995pt on input line 271.

Underfull \hbox (badness 10000) in paragraph at lines 273--277
\TU/THSarabunNew(1)/m/n/10 คำแนะนำที่มีความเป็นบุคคลและเกี่ยวข้องกับความสนใจของผู้ใช้งาน กระบวนการนี้เน้นการวิเคราะห์เนื้อหาที่ผู้ใช้งานมีความสนใจและ
 []


Underfull \hbox (badness 10000) in paragraph at lines 273--277
\TU/THSarabunNew(1)/m/n/10 แนะนำสิ่งที่มีเนื้อหาที่คล้ายคลึงกันให้กับผู้ใช้งาน ตัวอย่างเช่น การแนะนำหนังสือที่มีเนื้อหาใกล้เคียงกับที่ผู้ใช้งานเคยซื้อมาก่อนหน้านี้
 []


Underfull \hbox (badness 10000) in paragraph at lines 273--277
\TU/THSarabunNew(1)/m/n/10 ดังนั้นเทคนิคนี้จึงเป็นการสร้างคำแนะนำที่เน้นความเป็นบุคคลและความสอดคล้องกับความต้องการของผู้ใช้งานอย่างมีความแม่นยำและ
 []


Underfull \hbox (badness 1147) in paragraph at lines 278--285
\TU/THSarabunNew(1)/m/n/10 เมื่อพิจารณาการกระทำที่เกิดขึ้นก่อนหน้านี้ ระบบจะแนะนำสิ่งที่มีความคล้ายคลึงให้กับผู้ใช้งาน อย่างไรก็ดีเนื่องจากเป็นการแนะนำจาก
 []


Underfull \hbox (badness 10000) in paragraph at lines 278--285

 []


Underfull \hbox (badness 10000) in paragraph at lines 286--288

 []


Underfull \hbox (badness 10000) in paragraph at lines 289--291

 []

[4

]
Underfull \hbox (badness 2809) in paragraph at lines 295--298
[]\TU/THSarabunNew(1)/m/n/10 Transformer Model [[]] คือสถาปัตยกรรมการเรียนรู้ของเครื่องสำหรับการประมวลผลและทำความเข้าใจภาษาของมนุษย์ ซึ่ง
 []


Underfull \hbox (badness 1199) in paragraph at lines 295--298
\TU/THSarabunNew(1)/m/n/10 ทำงานได้ดีในการแปลภาษา การสรุป และการสร้างข้อความ โดยอาศัยหลักการของ self-attention ในการทำความเข้าความสัมพันธ์
 []


Underfull \hbox (badness 2111) in paragraph at lines 300--301
\TU/THSarabunNew(1)/m/n/10 ได้อย่างเอนกประสงค์ โดยที่มีผลกระทบต่อประสิทธิภาพในการทำงานเพียงเล็กน้อย อย่างไรก็ตาม T5 มีข้อจำกัดในการเข้าใจ
 []


Underfull \hbox (badness 4193) in paragraph at lines 305--308
[]\TU/THSarabunNew(1)/m/n/10 โครงข่ายประสาทเทียม (Artificial neural network) เป็นสถาปัตยกรรมการเรียนรู้ของเครื่องที่ได้รับแรงบันดาลใจมาจากระบบ
 []


Underfull \hbox (badness 1275) in paragraph at lines 310--311
\TU/THSarabunNew(1)/m/n/10 ประมวลผลน้อยและสามารถ train ได้ไว แต่ในทางกลับกันก็มีข้อจำกัดในการตีความที่ซับซ้อนรวมถึงบริบทที่อยู่ในข้อความของ
 []


Underfull \hbox (badness 4608) in paragraph at lines 311--312
\TU/THSarabunNew(1)/m/n/10 Language Processing ทำให้สามารถประมวลผลข้อมูลที่มีความต่อเนื่องอย่างเช่นประโยคได้ ตัวโมเดลมีความสามารถในการ
 []


Underfull \hbox (badness 10000) in paragraph at lines 311--312
\TU/THSarabunNew(1)/m/n/10 ทำความเข้าใจบริบทในข้อความได้ โดยพิจารณาข้อมูลในหน่วยความจำของโมเดล ซึ่งสามารถจดจำหรือลบข้อมูลได้ตามความ
 []

[5]

Package hyperref Warning: Token not allowed in a PDF string (Unicode):
(hyperref)                removing `\@ifnextchar' on input line 315.


Underfull \hbox (badness 2181) in paragraph at lines 316--317
[]\TU/THSarabunNew(1)/m/n/10 ในการพัฒนาแอปพลิเคชัน สถาปัตยกรรมหมายถึงกฎ กระบวนการ และโครงสร้างภายในของแอปพลิเคชัน หรือก็คือวิธีการสร้าง
 []

File: ./Pictures/Mobil_Arc.png Graphic file (type bmp)
<./Pictures/Mobil_Arc.png>

Underfull \hbox (badness 10000) in paragraph at lines 327--331
\TU/THSarabunNew(1)/m/n/10 ซื้อขายหุ้นซึ่งแสดงข้อมูลสดเกี่ยวกับตลาดหลักทรัพย์ออกมาแสดงเป็นกราฟหรือแผนภูมิ แม้ว่านักพัฒนาส่วนใหญ่จะรับผิดชอบ
 []

File: ./Pictures/Mobile_Arc2.png Graphic file (type bmp)
<./Pictures/Mobile_Arc2.png>

LaTeX Warning: `!h' float specifier changed to `!ht'.

[6]
File: ./Pictures/Business_layer.png Graphic file (type bmp)
<./Pictures/Business_layer.png>


LaTeX Warning: `!h' float specifier changed to `!ht'.

[7] [8]
File: ./Pictures/HTTP.png Graphic file (type bmp)
<./Pictures/HTTP.png>

Underfull \hbox (badness 10000) in paragraph at lines 376--378

 []


Underfull \hbox (badness 10000) in paragraph at lines 386--388

 []

[9]

Package hyperref Warning: Token not allowed in a PDF string (Unicode):
(hyperref)                removing `\@ifnextchar' on input line 411.

[10]
Underfull \hbox (badness 6944) in paragraph at lines 458--459
[]\TU/THSarabunNew(1)/m/n/10 โดยหลักสำคัญจะอยู่ที่ทุกรูปแบบการเขียนจะต้องหยืดหยุ่น สามารถเปลี่ยนลำดับการเรียงข้อมูลได้ และผู้ใช้งานสามารถอ่านได้
 []


Underfull \hbox (badness 10000) in paragraph at lines 461--463

 []

File: ./Pictures/google.png Graphic file (type bmp)
<./Pictures/google.png>
[11]
Underfull \hbox (badness 10000) in paragraph at lines 492--494

 []

File: ./Pictures/Error1.png Graphic file (type bmp)
<./Pictures/Error1.png>

Underfull \hbox (badness 10000) in paragraph at lines 506--508

 []

[12]
File: ./Pictures/Error2.png Graphic file (type bmp)
<./Pictures/Error2.png>


Package hyperref Warning: Token not allowed in a PDF string (Unicode):
(hyperref)                removing `\@ifnextchar' on input line 530.

File: ./Pictures/Property.png Graphic file (type bmp)
<./Pictures/Property.png>

LaTeX Warning: `!h' float specifier changed to `!ht'.

[13]
Underfull \hbox (badness 10000) in paragraph at lines 542--544

 []


Package hyperref Warning: Token not allowed in a PDF string (Unicode):
(hyperref)                removing `\@ifnextchar' on input line 545.

[14] [15]
File: ./Pictures/contrast.png Graphic file (type bmp)
<./Pictures/contrast.png>
File: ./Pictures/repetition.png Graphic file (type bmp)
<./Pictures/repetition.png>
 [16]
File: ./Pictures/alignment.png Graphic file (type bmp)
<./Pictures/alignment.png>

Overfull \hbox (2.73978pt too wide) in paragraph at lines 643--645
\TU/THSarabunNew(1)/m/n/10 คือการจัดวางองค์ประกอบของข้อมูล โดยข้อมูลที่มีความเชื่อมโยงกันควรจัดให้เป็นกลุ่มก้อนเดียวกัน จะช่วยให้ข้อมูลในหน้าเว็บไซต์
 []

File: ./Pictures/proximity.png Graphic file (type bmp)
<./Pictures/proximity.png>
[17]
Overfull \hbox (2.35849pt too wide) in paragraph at lines 660--662
\TU/THSarabunNew(1)/m/n/10 โปรแกรมสำหรับเขียนโค้ดที่ใช้ในการแก้ไขและปรับแต่งโค้ด จากค่ายไมโครซอฟท์ มีการพัฒนาออกมาในรูปแบบของ OpenSource
 []


Underfull \hbox (badness 1052) in paragraph at lines 696--698
\TU/THSarabunNew(1)/m/n/10 เป็นระบบฐานข้อมูลที่ถูกออกแบบมาเพื่อจัดเก็บข้อมูลแบบกราฟ (Graph Database) ที่สามารถจัดเก็บแมปและสอบถามความ
 []


Underfull \hbox (badness 7777) in paragraph at lines 696--698
\TU/THSarabunNew(1)/m/n/10 สัมพันธ์ระหว่างข้อมูลได้อย่างมีประสิทธิภาพและมีความยืดหยุ่น ระบบฐานข้อมูลกราฟนี้ถูกออกแบบมาเพื่อเก็บข้อมูลในรูปแบบ
 []

[18]
Underfull \hbox (badness 10000) in paragraph at lines 704--706
\TU/THSarabunNew(1)/m/n/10 เป็นโมเดลการเรียนรู้ของเครื่องสำหรับการประมวลภาษาธรรมชาติที่ถูกพัฒนาขึ้นเพื่อใช้ในภาษาไทย โมเดลนี้มีความสามารถใน
 []


Overfull \hbox (29.49132pt too wide) in paragraph at lines 704--706
\TU/THSarabunNew(1)/m/n/10 การเข้าใจและประมวลผลข้อมูลที่เป็นภาษาไทยอย่างมีประสิทธิภาพ โดยใช้หลักการของ BERT (Bidirectional Encoder Representations
 []


Underfull \hbox (badness 1424) in paragraph at lines 704--706
\TU/THSarabunNew(1)/m/n/10 from Transformers) ซึ่งเป็นโมเดลการเรียนรู้ของเครื่องที่สามารถทำนายคำถัดไปในประโยคจากข้อมูลทั้งด้านซ้ายและด้านขวา
 []


Underfull \hbox (badness 4595) in paragraph at lines 706--708
\TU/THSarabunNew(1)/m/n/10 และเน้นการสร้างเวกเตอร์คำและการจัดกลุ่มคำศัพท์ โดยใช้หลักการของการแปลงคำเป็นเวกเตอร์ที่สามารถใช้ในการค้นหาความ
 []


Underfull \hbox (badness 10000) in paragraph at lines 708--710
\TU/THSarabunNew(1)/m/n/10 เป็นโมเดลการเรียนรู้ของเครื่องสำหรับการประมวลภาษาธรรมชาติที่ได้รับการปรับปรุงและเพิ่มประสิทธิภาพสำหรับการทำงานกับ
 []


Overfull \hbox (11.70648pt too wide) in paragraph at lines 710--712
\TU/THSarabunNew(1)/m/n/10 เป็นโมเดลการเรียนรู้ของเครื่องสำหรับการประมวลภาษาธรรมชาติที่รองรับหลายภาษาและมีความสามารถในการประมวลผลข้อความ
 []

[19]
Overfull \hbox (6.19722pt too wide) in paragraph at lines 734--735
[]\TU/THSarabunNew(1)/m/n/10 ModLink คือแอปพลิเคชั่นของทางมหาวิทยาลัยโดยข้อมูลภายใน แอปพลิเคชั่นนั้น จะเกี่ยวกับข้อมูลกิจกรรมต่าง ๆ ภายในมหาวิทยาลัย
 []

File: ./Pictures/modlink.jpg Graphic file (type bmp)
<./Pictures/modlink.jpg>
[20]
File: ./Pictures/hatch.png Graphic file (type bmp)
<./Pictures/hatch.png>
File: ./Pictures/sinfo.png Graphic file (type bmp)
<./Pictures/sinfo.png>
 [21]
Underfull \hbox (badness 4328) in paragraph at lines 767--768
\TU/THSarabunNew(1)/m/n/10 ตัวกลางในการคำนวนหาจากความชื่นชอบของผู้ใช้จากกิจกรรมที่ผู้ใช้เคยได้เข้าร่วม หรือชมรมที่ผู้ใช้สนใจอยู่ หน้าที่เข้าไปยังบอร์ดต่างๆ
 []

File: ./Pictures/padlet.png Graphic file (type bmp)
<./Pictures/padlet.png>

Overfull \hbox (9.64124pt too wide) in paragraph at lines 776--777
[]\TU/THSarabunNew(1)/m/n/10 Pantip คือ พื้นที่สำหรับการแลกเปลี่ยนความคิดเห็นในหัวข้อ หรือประเด็นที่สนใจร่วมกัน สามารถสอบถาม บอกเล่าแบ่งปันประสบการณ์
 []

File: ./Pictures/pantip.png Graphic file (type bmp)
<./Pictures/pantip.png>

Underfull \hbox (badness 10000) in paragraph at lines 785--787
\TU/THSarabunNew(1)/m/n/10 สามารถเข้าไปสู่หน้าเพจเพื่อดูความเคลื่อนไหวได้แต่ก็ไม่สามารถแนะนำตัวชมรมหรือกิจกรรมที่ชมรมจะจัดให้แก่นักศึกษาที่ไม่ติดตามเพจ
 []

File: ./Pictures/facebook.png Graphic file (type bmp)
<./Pictures/facebook.png>

LaTeX Warning: `!h' float specifier changed to `!ht'.

[22]
File: ./Pictures/ig.jpg Graphic file (type bmp)
<./Pictures/ig.jpg>
 [23]
LaTeX Font Info:    Font shape `TU/THSarabunNew(0)/m/n' will be
(Font)              scaled to size 14.75995pt on input line 810.
File: ./Pictures/DiffFeat.png Graphic file (type bmp)
<./Pictures/DiffFeat.png>

Overfull \hbox (24.46931pt too wide) in paragraph at lines 813--814
 [][][][] 
 []

[24]
File: ./Pictures/Suggest.png Graphic file (type bmp)
<./Pictures/Suggest.png>

Overfull \hbox (24.46931pt too wide) in paragraph at lines 824--825
 [][][][] 
 []

[25]
บทที่ 3.

Package hyperref Warning: Token not allowed in a PDF string (Unicode):
(hyperref)                \kern -11.808pt
(hyperref)                removed on input line 828.


Underfull \hbox (badness 10000) in paragraph at lines 829--830
[]\TU/THSarabunNew(1)/m/n/12 ในบทนี้จะกล่าวถึงการสำรวจความต้องการของผู้ใช้งานเพื่อนำมาวิเคราะห์คุณลักษณะที่โครงการควรมี และ
 []


Underfull \hbox (badness 1360) in paragraph at lines 829--830
\TU/THSarabunNew(1)/m/n/12 นำสิ่งที่วิเคราะห์ได้มาใช้ออกแบบโครงสร้างและองค์ประกอบต่างๆของตัวผลิตภัณฑ์ โดยจะมีการอธิบายโครงสร้าง
 []


Underfull \hbox (badness 4429) in paragraph at lines 832--837
[]\TU/THSarabunNew(1)/m/n/12 ในการทำระบบเพื่อแจ้งเตือนข่าวสารของกิจกรรมและชมรม ทางผู้จัดทำระบุผู้ใช้งานและผู้ได้รับประโยชน์เป็น
 []


Underfull \hbox (badness 1983) in paragraph at lines 832--837
\TU/THSarabunNew(1)/m/n/12 ชมรมนั้นทำเอาไว้ใน ที่เดียวเพื่อที่จะหากิจกรรมและชมรมตามที่ตัวเองต้องการได้ ผู้ได้รับประโยชน์กลุ่มแรก คือ
 []


Underfull \hbox (badness 4673) in paragraph at lines 832--837
\TU/THSarabunNew(1)/m/n/12 ชวนก็ยังมีโอกาสที่จะมีคนเห็นการประชาสัมพันธ์ก็มีน้อย ซึ่งจากการสัมภาษณ์ทำให้พบว่าปัญหาใหญ่ที่เกิดขึ้นเกิด
 []


Underfull \hbox (badness 10000) in paragraph at lines 839--849

 []


Underfull \hbox (badness 1005) in paragraph at lines 851--854
\TU/THSarabunNew(1)/m/n/12 หรือชมรมที่สนใจ ฝั่งผู้จัดกิจกรรม คือ นักศึกษาชั้นปีที่ 4 ที่เป็นประธานชมรมและผู้จัดกิจกรรมที่เป็นเจ้าหน้าที่
 []


Underfull \hbox (badness 2846) in paragraph at lines 851--854
\TU/THSarabunNew(1)/m/n/12 ของมหาวิทยาลัย เนื่องจากเป็นผู้ได้รับผลกระทบจากการประชาสัมพันธ์กิจกรรมและชมรมที่ไม่มีประสิทธิภาพเท่า
 []

[26

]
Underfull \hbox (badness 10000) in paragraph at lines 856--857

 []


Underfull \hbox (badness 2781) in paragraph at lines 866--868
[]\TU/THSarabunNew(1)/m/n/12 จากการวิเคราะห์ความต้องการทั้งหมด เราได้ทำการวิเคราะห์คุณลักษณะมาเพื่อตอบโจทย์ความต้องการของผู้
 []

[27]
File: ./Pictures/ArchDia.png Graphic file (type bmp)
<./Pictures/ArchDia.png>
 [28]
File: ./Pictures/usedcase.png Graphic file (type bmp)
<./Pictures/usedcase.png>

Overfull \hbox (0.43178pt too wide) in paragraph at lines 921--922
\TU/THSarabunNew(1)/m/n/12 ที่เข้าสู่ระบบเพื่อใช้งานคุณลักษณะต่างๆ เช่น การค้นหา, อ่านรายละเอียดและเข้าร่วมกิจกรรม การประเมินกิจกรรม
 []


Underfull \hbox (badness 10000) in paragraph at lines 921--922

 []

[29]
Overfull \hbox (3.5697pt too wide) in paragraph at lines 923--926
\TU/THSarabunNew(1)/m/n/12 แอปพลิเคชันที่ถูกเขียนไว้ในเเผนภาพที่ใช้เเสดงปฎิสัมพันธ์ระหว่างระบบงานเเละสิ่งที่อยู่นอกระบบงาน ทั้งเป้าหมาย
 []

[30] [31] [32]
File: ./Pictures/login.png Graphic file (type bmp)
<./Pictures/login.png>

Overfull \hbox (24.46931pt too wide) in paragraph at lines 1109--1110
 [][][][] 
 []

[33]
File: ./Pictures/regis.png Graphic file (type bmp)
<./Pictures/regis.png>

Overfull \hbox (24.46931pt too wide) in paragraph at lines 1126--1127
 [][][][] 
 []

[34]
File: ./Pictures/logout.png Graphic file (type bmp)
<./Pictures/logout.png>

Overfull \hbox (24.46931pt too wide) in paragraph at lines 1141--1142
 [][][][] 
 []

[35]
File: ./Pictures/searchev.png Graphic file (type bmp)
<./Pictures/searchev.png>

Overfull \hbox (24.46931pt too wide) in paragraph at lines 1154--1155
 [][][][] 
 []

[36]
File: ./Pictures/selectandjoin.png Graphic file (type bmp)
<./Pictures/selectandjoin.png>
 [37]
File: ./Pictures/evaluate.png Graphic file (type bmp)
<./Pictures/evaluate.png>

Overfull \hbox (24.46931pt too wide) in paragraph at lines 1180--1181
 [][][][] 
 []

[38]
File: ./Pictures/Noti.png Graphic file (type bmp)
<./Pictures/Noti.png>

Overfull \hbox (24.46931pt too wide) in paragraph at lines 1193--1194
 [][][][] 
 []

[39]
File: ./Pictures/searchclub.png Graphic file (type bmp)
<./Pictures/searchclub.png>

Overfull \hbox (24.46931pt too wide) in paragraph at lines 1206--1207
 [][][][] 
 []

[40]
File: ./Pictures/selectandjoinclub.png Graphic file (type bmp)
<./Pictures/selectandjoinclub.png>
 [41]
File: ./Pictures/clubregis.png Graphic file (type bmp)
<./Pictures/clubregis.png>

Overfull \hbox (24.46931pt too wide) in paragraph at lines 1232--1233
 [][][][] 
 []

[42]
File: ./Pictures/Recommend.png Graphic file (type bmp)
<./Pictures/Recommend.png>

Overfull \hbox (24.46931pt too wide) in paragraph at lines 1245--1246
 [][][][] 
 []

[43]
File: ./Pictures/Machinelearning.png Graphic file (type bmp)
<./Pictures/Machinelearning.png>

Overfull \hbox (24.46931pt too wide) in paragraph at lines 1258--1259
 [][][][] 
 []

[44]
File: ./Pictures/DB.png Graphic file (type bmp)
<./Pictures/DB.png>

Overfull \hbox (24.46931pt too wide) in paragraph at lines 1271--1272
 [][][][] 
 []


Underfull \hbox (badness 10000) in paragraph at lines 1267--1274
[]\TU/THSarabunNew(1)/m/n/12 แบบจำลองข้อมูลแบบกราฟเป็นแบบจำลองเพื่อแสดงความเชื่อมโยงของโหนดที่เก็บข้อมูลของระบบ ว่าแต่ละ
 []


Underfull \hbox (badness 3019) in paragraph at lines 1267--1274
\TU/THSarabunNew(1)/m/n/12 โหนดมีความสัมพันธ์กันอย่างไรภายในแอปพลิเคชัน Actiwiz ของเรา แบบจำลองข้อมูลแบบกราฟจะตอบโจทย์
 []

[45] [46]
Underfull \hbox (badness 1558) in paragraph at lines 1372--1372
\TU/THSarabunNew(1)/b/n/11 ความสัมพันธ์ภายในแบบจำลองข้อมูลแบบกราฟของแอพพลิเคชัน Actiwiz เป็นการสร้างความเชื่อมโยงและ
 []


Overfull \hbox (0.41188pt too wide) in paragraph at lines 1372--1372
\TU/THSarabunNew(1)/b/n/11 การมีปฏิสัมพันธ์ระหว่างโหนดต่าง ๆ ซึ่งมีส่วนช่วยในการนำเสนอเรื่องราวการเข้าร่วมกิจกรรมและชมรมภายใน
 []


Package hyperref Warning: Token not allowed in a PDF string (Unicode):
(hyperref)                removing `\\' on input line 1372.


Package caption Warning: The option `hypcap=true' will be ignored for this
(caption)                particular \caption on input line 1385.
See the caption package documentation for explanation.


Package caption Warning: The option `hypcap=true' will be ignored for this
(caption)                particular \caption on input line 1396.
See the caption package documentation for explanation.

[47]

Package caption Warning: The option `hypcap=true' will be ignored for this
(caption)                particular \caption on input line 1407.
See the caption package documentation for explanation.


Package caption Warning: The option `hypcap=true' will be ignored for this
(caption)                particular \caption on input line 1418.
See the caption package documentation for explanation.

[48]
บทที่ 4.

Package hyperref Warning: Token not allowed in a PDF string (Unicode):
(hyperref)                \kern -9.84pt
(hyperref)                removed on input line 1430.


Underfull \hbox (badness 10000) in paragraph at lines 1431--1432
[]\TU/THSarabunNew(1)/m/n/10 ในบทนี้จะกล่าวถึงผลลัพธ์จากการทดสอบฟังก์ชันหลักของระบบในแอปพลิเคชัน รวมถึงความสามารถในการทำงาน ความเหมาะ
 []


Underfull \hbox (badness 1337) in paragraph at lines 1505--1506
[]\TU/THSarabunNew(1)/m/n/10 จากตารางที่ 4.1 เป็นรายการสำหรับทดสอบการทํางานของฟังก์ชันต่างๆในแอพลิเคชัน เพื่อทดสอบว่าการตอบสนองต่อการใช้งาน
 []

[49

]
บทที่ 5.

Package hyperref Warning: Token not allowed in a PDF string (Unicode):
(hyperref)                \kern -9.84pt
(hyperref)                removed on input line 1509.


Underfull \hbox (badness 1137) in paragraph at lines 1510--1513
\TU/THSarabunNew(1)/m/n/10 งานของโครงการทั้งหมดตลอดปีการศึกษา 2023 ที่ผ่านมา โดยจะเป็นการสรุปผลกระบวนการทั้งที่ทางผู้จัดทำได้ทำสำเร็จไปแล้ว และ
 []

(./undergrad-sample-thai.bbl [50

]
LaTeX Font Info:    Font shape `TU/THSarabunNew(0)/b/n' will be
(Font)              scaled to size 14.75995pt on input line 1.
\thai@year=\count318

Underfull \hbox (badness 10000) in paragraph at lines 9--12
[]\TU/THSarabunNew(1)/m/n/10 Jerapa Beamgo Soonsongthanee, 2563,  “ออกแบบ RESTful API ยังไงให้ปัง,” จากเว็บไซต์ [][]$[][][][][] []
 []


Underfull \hbox (badness 10000) in paragraph at lines 9--12
[] [] [][][][][][] [] [][][] [] [][][][][][][][][][][][][][][][][][][][][][][][][][][] [] [][][] [] [][] [] [][] [] [][] [] [][] [] [][] [] [][] [] [][] [] [][] [] [][] [] [][] [] [][] []
 []


Underfull \hbox (badness 10000) in paragraph at lines 9--12
[][] [] [][] [] [][] [] [][] [] [][] [] [][] [][] [][][][][][][] [][] [][][] [][] [][][] [] [][] [] [][] [] [][] [] [][] [] [][] [] [][] [] [][] [] [][] [] [][] [] [][] [] [][] [] [][] [] [][] [] [][] [] [][] []
 []

\thai@year=\count319
\thai@year=\count320
\thai@year=\count321
\thai@year=\count322

Underfull \hbox (badness 1038) in paragraph at lines 69--72
[]\TU/THSarabunNew(1)/m/n/10 Badrul Sarwar, George Karypis, Joseph Konstan, , and John Ried,  “Item-Based Collaborative Filtering
 []

\thai@year=\count323
\thai@year=\count324
\thai@year=\count325
\thai@year=\count326
\thai@year=\count327

Underfull \hbox (badness 1917) in paragraph at lines 94--97
[]\TU/THSarabunNew(1)/m/n/10 Daniel Valcarcea, Alfonso Landina, and Javier Parapara andAlvaro Barreiroa,  “Collaborative Filtering
 []

\thai@year=\count328
[51

]
\thai@year=\count329
\thai@year=\count330
\thai@year=\count331

Underfull \hbox (badness 10000) in paragraph at lines 119--122
[][][][][][][][] [][] [][][] [] [][] [] [][] [] [][] [] [][] [] [][] [] [][] [] [][] [] [][] [] [][] [] [][] [] [][] [] [][] [] [][] [] [][] [] [][] [] [][] [] [][] [] [][] [] [][] [] [][] [] [][] [] [][] []
 []


Underfull \hbox (badness 10000) in paragraph at lines 119--122
[][] [] [][] [] [][] [] [][] [] [][] [] [][] [] [][] [] [][] [] [][] [] [][] [] [][] [] [][] [] [][] [] [][] [] [][] [] [][] [] [][] [] [][] [] [][] [] [][] [] [][] [] [][] [] [][] [] [][] [] [][] []
 []


Underfull \hbox (badness 10000) in paragraph at lines 119--122
[][] [] [][] [] [][] [][] [][][][] [][] [][][] [][] [][][] [] [][] [] [][] [] [][] [] [][] [] [][] [] [][] [] [][] [] [][] [] [][] [] [][] [] [][] [] [][] [] [][] [] [][] [] [][] [] [][] [] [][] [] [][] [] [][] []
 []


Underfull \hbox (badness 10000) in paragraph at lines 119--122
[][] [] [][] [] [][] [] [][] [] [][] [] [][] [] [][] [][] [][][] [] [][] [] [][] [] [][] [] [][] [] [][] [] [][] [] [][] [] [][] [] [][] [] [][] [] [][] [] [][] [] [][] [] [][] [] [][] [] [][] [] [][] []
 []

\thai@year=\count332
\thai@year=\count333
\thai@year=\count334
\thai@year=\count335

Underfull \hbox (badness 3386) in paragraph at lines 144--147
[]\TU/THSarabunNew(1)/m/n/10 mindphp, 2560,  “รู้จักกับ Visual Studio Code (วิชวล สตูดิโอ โค้ด) โปรแกรมฟรีจากค่ายไมโครซอฟท์,” จาก
 []


Underfull \hbox (badness 6173) in paragraph at lines 144--147
\TU/THSarabunNew(1)/m/n/10 เว็บไซต์ [][]$[][][][][] [] [] [] [][][] [] [][][][][][][] [] [][][] [] [][][] [] [][] [] [][] [] [][] [] [][] [] [][] [] [][] [] [][] [] [][] [] [][] [] [][] [] [][] [] [][] [] [][] [] [][] [] [][] [] [][] []
 []

\thai@year=\count336
\thai@year=\count337
\thai@year=\count338
\thai@year=\count339

Underfull \hbox (badness 10000) in paragraph at lines 174--177
[][] [] [][] [] [][] [] [][] [] [][] [] [][] [] [][] [] [][] [] [][] [] [][] [] [][] [] [][] [] [][] [] [][] [] [][] [] [][] [] [][] [] [][] [] [][] [] [][] [] [][] [] [][] [] [][] [] [][] [] [][] []
 []


Underfull \hbox (badness 10000) in paragraph at lines 174--177
[][] [] [][] [] [][] [] [][] [] [][] [] [][] [] [][] [] [][] [] [][] [] [][] [] [][] [] [][] [] [][] [] [][] [] [][] [] [][] [] [][] [] [][] [] [][] [] [][] [] [][] [] [][] [] [][] [] [][] [] [][] [][] [][][][] [][]
 []

\thai@year=\count340
\thai@year=\count341

Underfull \hbox (badness 4479) in paragraph at lines 184--187
[]\TU/THSarabunNew(1)/m/n/10 stackpython, 2563,  “ทำความรู้จัก Git & GitHub พร้อมการใช้งานร่วมกับ VS Code เบื้องต้น,” จากเว็บไซต์
 []


Underfull \hbox (badness 10000) in paragraph at lines 184--187
[][]$[][][][][] [] [] [] [][][][][][][][][][][] [] [][][][][][] [] [][][] [] [][][] [] [][] [] [][] [] [][] [] [][] [] [][] [] [][] [] [][] [] [][] [] [][] [] [][] [] [][] [] [][] [] [][] [] [][] [] [][] []
 []


Underfull \hbox (badness 10000) in paragraph at lines 184--187
[][] [] [][] [] [][] [] [][] [] [][] [] [][] [] [][] [] [][] [] [][] [] [][] [] [][] [] [][] [] [][] [] [][] [] [][] [] [][] [] [][] [] [][] [] [][] [] [][] [][] [][][] [][] [][][][][][] [][] [][][] [] [][] [] [][] []
 []


Underfull \hbox (badness 10000) in paragraph at lines 184--187
[][] [] [][] [] [][] [] [][] [] [][] [] [][] [] [][] [] [][] [] [][] [] [][] [] [][] [] [][] [] [][] [] [][] [] [][] [] [][] [] [][] [] [][] [] [][] [] [][] [] [][] [] [][] [] [][] [] [][] [] [][] []
 []


Underfull \hbox (badness 10000) in paragraph at lines 184--187
[][] [] [][] [] [][] [] [][] [] [][] [] [][] [] [][] [] [][] [] [][] [] [][] [] [][] [] [][] [] [][] [] [][] [] [][] [] [][] [] [][] [] [][] [] [][] [] [][] [] [][] [] [][] [] [][] [] [][] [] [][] []
 []


Underfull \hbox (badness 10000) in paragraph at lines 184--187
[][] [] [][] [] [][] [] [][] [] [][] [] [][] [] [][] [] [][] [] [][] [] [][] [][] [][] [][] [][][][] [][] [][][] [] [][] [] [][] [] [][] [] [][] [] [][] [] [][] [] [][] [] [][] [] [][] [] [][] [] [][] [] [][] []
 []

[52]
\thai@year=\count342
)
The property list \polyglossia@langsetup contains the pairs (without outer
braces):
>  {latex/script}  =>  {latin}
>  {latex/lcscript}  =>  {latin}
>  {latex/scripttag}  =>  {}
>  {latex/language}  =>  {Latex}
>  {latex/langtag}  =>  {ENG}
>  {latex/bcp47}  =>  {en-US}
>  {latex/bcp47-language}  =>  {en}
>  {latex/bcp47-region}  =>  {US}
>  {latex/bcp47-script}  =>  {Latn}
>  {latex/bcp47-variant}  =>  {}
>  {latex/bcp47-extension-t}  =>  {}
>  {latex/bcp47-extension-u}  =>  {}
>  {latex/bcp47-extension-x}  =>  {}
>  {latex/bcp47-casing}  =>  {}
>  {latex/hyphennames}  =>  {english}
>  {latex/direction}  =>  {LR}
>  {latex/hyphenmins}  =>  {2,3}
>  {latex/frenchspacing}  =>  {false}
>  {latex/indentfirst}  =>  {false}
>  {latex/fontsetup}  =>  {true}
>  {latex/envname}  =>  {latex}
>  {latex/babelname}  =>  {latex}
>  {latex/localnumeral}  =>  {polyglossia@C@localnumeral}
>  {latex/Localnumeral}  =>  {polyglossia@C@localnumeral}
>  {latex/DefineCommandsCmd}  =>  {use_none:n}
>  {thai/script}  =>  {Thai}
>  {thai/lcscript}  =>  {thai}
>  {thai/scripttag}  =>  {thai}
>  {thai/language}  =>  {Thai}
>  {thai/langtag}  =>  {THA}
>  {thai/bcp47}  =>  {th}
>  {thai/bcp47-language}  =>  {th}
>  {thai/bcp47-region}  =>  {}
>  {thai/bcp47-script}  =>  {Thai}
>  {thai/bcp47-variant}  =>  {}
>  {thai/bcp47-extension-t}  =>  {}
>  {thai/bcp47-extension-u}  =>  {nu-latn}
>  {thai/bcp47-extension-x}  =>  {}
>  {thai/bcp47-casing}  =>  {}
>  {thai/hyphennames}  =>  {nohyphenation}
>  {thai/direction}  =>  {LR}
>  {thai/hyphenmins}  =>  {2,3}
>  {thai/frenchspacing}  =>  {false}
>  {thai/indentfirst}  =>  {false}
>  {thai/fontsetup}  =>  {true}
>  {thai/envname}  =>  {thai}
>  {thai/babelname}  =>  {thai}
>  {thai/localnumeral}  =>  {thainumerals}
>  {thai/Localnumeral}  =>  {thainumerals}
>  {thai/DefineCommandsCmd}  =>  {xpg_define_language_commands:e}
>  {english/script}  =>  {latin}
>  {english/lcscript}  =>  {latin}
>  {english/scripttag}  =>  {}
>  {english/language}  =>  {English}
>  {english/langtag}  =>  {ENG}
>  {english/bcp47}  =>  {en-US}
>  {english/bcp47-language}  =>  {en}
>  {english/bcp47-region}  =>  {US}
>  {english/bcp47-script}  =>  {Latn}
>  {english/bcp47-variant}  =>  {}
>  {english/bcp47-extension-t}  =>  {}
>  {english/bcp47-extension-u}  =>  {}
>  {english/bcp47-extension-x}  =>  {}
>  {english/bcp47-casing}  =>  {}
>  {english/hyphennames}  =>  {english,american,usenglish,USenglish}
>  {english/direction}  =>  {LR}
>  {english/hyphenmins}  =>  {2,3}
>  {english/frenchspacing}  =>  {false}
>  {english/indentfirst}  =>  {false}
>  {english/fontsetup}  =>  {true}
>  {english/envname}  =>  {english}
>  {english/babelname}  =>  {american}
>  {english/localnumeral}  =>  {polyglossia@C@localnumeral}
>  {english/Localnumeral}  =>  {polyglossia@C@localnumeral}
>  {english/DefineCommandsCmd}  =>  {xpg_define_language_commands:e}.
The property list \__xpg_alias contains the pairs (without outer braces):
>  {latex/target}  =>  {latex}
>  {thai/target}  =>  {thai}
>  {th/target}  =>  {thai}
>  {english/target}  =>  {english}
>  {en/target}  =>  {english}
>  {en-AU/target}  =>  {english}
>  {en-AU/variant}  =>  {australian}
>  {en-AU/options}  =>  {variant=australian}
>  {en-CA/target}  =>  {english}
>  {en-CA/variant}  =>  {canadian}
>  {en-CA/options}  =>  {variant=canadian}
>  {en-GB/target}  =>  {english}
>  {en-GB/variant}  =>  {british}
>  {en-GB/options}  =>  {variant=british}
>  {en-NZ/target}  =>  {english}
>  {en-NZ/variant}  =>  {newzealand}
>  {en-NZ/options}  =>  {variant=newzealand}
>  {en-US/target}  =>  {english}
>  {en-US/variant}  =>  {us}
>  {en-US/options}  =>  {variant=us}
>  {american/target}  =>  {english}
>  {american/variant}  =>  {us}
>  {american/options}  =>  {variant=us}
>  {australian/target}  =>  {english}
>  {australian/variant}  =>  {australian}
>  {australian/options}  =>  {variant=australian}
>  {british/target}  =>  {english}
>  {british/variant}  =>  {british}
>  {british/options}  =>  {variant=british}
>  {canadian/target}  =>  {english}
>  {canadian/variant}  =>  {canadian}
>  {canadian/options}  =>  {variant=canadian}
>  {newzealand/target}  =>  {english}
>  {newzealand/variant}  =>  {newzealand}
>  {newzealand/options}  =>  {variant=newzealand}.
 [53] (./undergrad-sample-thai.aux)
 ***********
LaTeX2e <2023-11-01>
L3 programming layer <2023-11-09>
 ***********


LaTeX Warning: There were multiply-defined labels.

Package rerunfilecheck Info: File `undergrad-sample-thai.out' has not changed.
(rerunfilecheck)             Checksum: 1F0A7D71C37C8A28096787A918CD9720;27155.
 ) 
Here is how much of TeX's memory you used:
 20561 strings out of 474924
 396223 string characters out of 5765030
 1971189 words of memory out of 5000000
 42223 multiletter control sequences out of 15000+600000
 560710 words of font info for 81 fonts, out of 8000000 for 9000
 1348 hyphenation exceptions out of 8191
 108i,17n,121p,3143b,657s stack positions out of 10000i,1000n,20000p,200000b,200000s

Output written on undergrad-sample-thai.pdf (61 pages).
